{"/home/travis/build/npmtest/node-npmtest-google-spreadsheet/test.js":{"path":"/home/travis/build/npmtest/node-npmtest-google-spreadsheet/test.js","s":{"1":2,"2":2,"3":2,"4":2,"5":2,"6":2,"7":2,"8":1,"9":2,"10":2,"11":1,"12":1,"13":1,"14":1,"15":2,"16":2,"17":2,"18":2,"19":1,"20":1,"21":2,"22":2,"23":2,"24":1,"25":1,"26":1,"27":1,"28":1,"29":1,"30":1,"31":1,"32":1,"33":1,"34":1,"35":1,"36":1,"37":2,"38":2,"39":1,"40":2,"41":2,"42":1,"43":2,"44":2,"45":1,"46":2,"47":2,"48":1,"49":1,"50":1,"51":1,"52":1},"b":{"1":[2,1,1,1],"2":[1,1,1,1],"3":[1,1],"4":[1,1],"5":[1,1],"6":[1,1],"7":[1,1],"8":[1,1],"9":[1,1,1],"10":[1,1],"11":[1,1],"12":[1,1],"13":[1,1],"14":[1,1],"15":[1,1],"16":[1,1]},"f":{"1":2,"2":2,"3":2,"4":2,"5":2,"6":1,"7":1,"8":2,"9":2,"10":2,"11":2,"12":1},"fnMap":{"1":{"name":"(anonymous_1)","line":12,"loc":{"start":{"line":12,"column":1},"end":{"line":12,"column":13}}},"2":{"name":"(anonymous_2)","line":19,"loc":{"start":{"line":19,"column":5},"end":{"line":19,"column":17}}},"3":{"name":"(anonymous_3)","line":23,"loc":{"start":{"line":23,"column":24},"end":{"line":23,"column":36}}},"4":{"name":"(anonymous_4)","line":61,"loc":{"start":{"line":61,"column":5},"end":{"line":61,"column":17}}},"5":{"name":"(anonymous_5)","line":82,"loc":{"start":{"line":82,"column":5},"end":{"line":82,"column":17}}},"6":{"name":"(anonymous_6)","line":102,"loc":{"start":{"line":102,"column":83},"end":{"line":105,"column":10}},"skip":true},"7":{"name":"(anonymous_7)","line":113,"loc":{"start":{"line":113,"column":77},"end":{"line":116,"column":10}},"skip":true},"8":{"name":"(anonymous_8)","line":129,"loc":{"start":{"line":129,"column":12},"end":{"line":129,"column":40}},"skip":true},"9":{"name":"(anonymous_9)","line":137,"loc":{"start":{"line":137,"column":77},"end":{"line":140,"column":10}},"skip":true},"10":{"name":"(anonymous_10)","line":148,"loc":{"start":{"line":148,"column":83},"end":{"line":151,"column":10}},"skip":true},"11":{"name":"(anonymous_11)","line":159,"loc":{"start":{"line":159,"column":79},"end":{"line":162,"column":10}},"skip":true},"12":{"name":"(anonymous_12)","line":170,"loc":{"start":{"line":170,"column":75},"end":{"line":173,"column":10}},"skip":true}},"statementMap":{"1":{"start":{"line":12,"column":0},"end":{"line":185,"column":5}},"2":{"start":{"line":14,"column":4},"end":{"line":14,"column":14}},"3":{"start":{"line":19,"column":4},"end":{"line":56,"column":9}},"4":{"start":{"line":21,"column":8},"end":{"line":21,"column":19}},"5":{"start":{"line":23,"column":8},"end":{"line":35,"column":13}},"6":{"start":{"line":24,"column":12},"end":{"line":34,"column":13}},"7":{"start":{"line":25,"column":16},"end":{"line":28,"column":30}},"8":{"start":{"line":30,"column":16},"end":{"line":33,"column":27}},"9":{"start":{"line":37,"column":8},"end":{"line":39,"column":21}},"10":{"start":{"line":40,"column":8},"end":{"line":53,"column":9}},"11":{"start":{"line":43,"column":12},"end":{"line":46,"column":14}},"12":{"start":{"line":47,"column":12},"end":{"line":47,"column":18}},"13":{"start":{"line":50,"column":12},"end":{"line":51,"column":46}},"14":{"start":{"line":52,"column":12},"end":{"line":52,"column":18}},"15":{"start":{"line":55,"column":8},"end":{"line":55,"column":35}},"16":{"start":{"line":61,"column":4},"end":{"line":63,"column":9}},"17":{"start":{"line":62,"column":8},"end":{"line":62,"column":15}},"18":{"start":{"line":64,"column":4},"end":{"line":77,"column":5}},"19":{"start":{"line":70,"column":8},"end":{"line":70,"column":14}},"20":{"start":{"line":76,"column":8},"end":{"line":76,"column":14}},"21":{"start":{"line":82,"column":4},"end":{"line":84,"column":9}},"22":{"start":{"line":83,"column":8},"end":{"line":83,"column":15}},"23":{"start":{"line":85,"column":4},"end":{"line":184,"column":5}},"24":{"start":{"line":92,"column":8},"end":{"line":94,"column":63}},"25":{"start":{"line":95,"column":8},"end":{"line":95,"column":14}},"26":{"start":{"line":102,"column":8},"end":{"line":111,"column":10},"skip":true},"27":{"start":{"line":109,"column":12},"end":{"line":109,"column":55},"skip":true},"28":{"start":{"line":110,"column":12},"end":{"line":110,"column":48},"skip":true},"29":{"start":{"line":113,"column":8},"end":{"line":126,"column":10},"skip":true},"30":{"start":{"line":120,"column":12},"end":{"line":120,"column":76},"skip":true},"31":{"start":{"line":121,"column":12},"end":{"line":121,"column":73},"skip":true},"32":{"start":{"line":122,"column":12},"end":{"line":122,"column":74},"skip":true},"33":{"start":{"line":123,"column":12},"end":{"line":123,"column":79},"skip":true},"34":{"start":{"line":124,"column":12},"end":{"line":124,"column":25},"skip":true},"35":{"start":{"line":125,"column":12},"end":{"line":125,"column":45},"skip":true},"36":{"start":{"line":128,"column":8},"end":{"line":135,"column":14},"skip":true},"37":{"start":{"line":133,"column":16},"end":{"line":133,"column":29},"skip":true},"38":{"start":{"line":134,"column":16},"end":{"line":134,"column":55},"skip":true},"39":{"start":{"line":137,"column":8},"end":{"line":146,"column":10},"skip":true},"40":{"start":{"line":144,"column":12},"end":{"line":144,"column":25},"skip":true},"41":{"start":{"line":145,"column":12},"end":{"line":145,"column":45},"skip":true},"42":{"start":{"line":148,"column":8},"end":{"line":157,"column":10},"skip":true},"43":{"start":{"line":155,"column":12},"end":{"line":155,"column":25},"skip":true},"44":{"start":{"line":156,"column":12},"end":{"line":156,"column":48},"skip":true},"45":{"start":{"line":159,"column":8},"end":{"line":168,"column":10},"skip":true},"46":{"start":{"line":166,"column":12},"end":{"line":166,"column":25},"skip":true},"47":{"start":{"line":167,"column":12},"end":{"line":167,"column":46},"skip":true},"48":{"start":{"line":170,"column":8},"end":{"line":179,"column":10},"skip":true},"49":{"start":{"line":177,"column":12},"end":{"line":177,"column":94},"skip":true},"50":{"start":{"line":178,"column":12},"end":{"line":178,"column":48},"skip":true},"51":{"start":{"line":182,"column":8},"end":{"line":182,"column":35},"skip":true},"52":{"start":{"line":183,"column":8},"end":{"line":183,"column":14},"skip":true}},"branchMap":{"1":{"line":25,"type":"binary-expr","locations":[{"start":{"line":25,"column":23},"end":{"line":25,"column":62}},{"start":{"line":26,"column":20},"end":{"line":26,"column":70}},{"start":{"line":27,"column":20},"end":{"line":27,"column":71}},{"start":{"line":28,"column":20},"end":{"line":28,"column":29}}]},"2":{"line":30,"type":"binary-expr","locations":[{"start":{"line":30,"column":23},"end":{"line":30,"column":37}},{"start":{"line":31,"column":20},"end":{"line":31,"column":61}},{"start":{"line":32,"column":20},"end":{"line":32,"column":70}},{"start":{"line":33,"column":20},"end":{"line":33,"column":26}}]},"3":{"line":37,"type":"cond-expr","locations":[{"start":{"line":38,"column":14},"end":{"line":38,"column":20}},{"start":{"line":39,"column":14},"end":{"line":39,"column":20}}]},"4":{"line":40,"type":"switch","locations":[{"start":{"line":42,"column":8},"end":{"line":47,"column":18}},{"start":{"line":49,"column":8},"end":{"line":52,"column":18}}]},"5":{"line":44,"type":"binary-expr","locations":[{"start":{"line":44,"column":16},"end":{"line":44,"column":44}},{"start":{"line":44,"column":48},"end":{"line":44,"column":66}}]},"6":{"line":50,"type":"binary-expr","locations":[{"start":{"line":50,"column":21},"end":{"line":50,"column":49}},{"start":{"line":50,"column":53},"end":{"line":50,"column":72}}]},"7":{"line":64,"type":"switch","locations":[{"start":{"line":69,"column":4},"end":{"line":70,"column":14}},{"start":{"line":75,"column":4},"end":{"line":76,"column":14}}]},"8":{"line":85,"type":"switch","locations":[{"start":{"line":90,"column":4},"end":{"line":95,"column":14}},{"start":{"line":101,"column":4},"end":{"line":183,"column":14},"skip":true}]},"9":{"line":92,"type":"binary-expr","locations":[{"start":{"line":92,"column":18},"end":{"line":92,"column":32}},{"start":{"line":93,"column":12},"end":{"line":93,"column":53}},{"start":{"line":94,"column":12},"end":{"line":94,"column":61}}]},"10":{"line":102,"type":"binary-expr","locations":[{"start":{"line":102,"column":45},"end":{"line":102,"column":79},"skip":true},{"start":{"line":102,"column":83},"end":{"line":111,"column":9},"skip":true}]},"11":{"line":113,"type":"binary-expr","locations":[{"start":{"line":113,"column":42},"end":{"line":113,"column":73},"skip":true},{"start":{"line":113,"column":77},"end":{"line":126,"column":9},"skip":true}]},"12":{"line":128,"type":"binary-expr","locations":[{"start":{"line":128,"column":48},"end":{"line":128,"column":85},"skip":true},{"start":{"line":129,"column":12},"end":{"line":135,"column":13},"skip":true}]},"13":{"line":137,"type":"binary-expr","locations":[{"start":{"line":137,"column":42},"end":{"line":137,"column":73},"skip":true},{"start":{"line":137,"column":77},"end":{"line":146,"column":9},"skip":true}]},"14":{"line":148,"type":"binary-expr","locations":[{"start":{"line":148,"column":45},"end":{"line":148,"column":79},"skip":true},{"start":{"line":148,"column":83},"end":{"line":157,"column":9},"skip":true}]},"15":{"line":159,"type":"binary-expr","locations":[{"start":{"line":159,"column":43},"end":{"line":159,"column":75},"skip":true},{"start":{"line":159,"column":79},"end":{"line":168,"column":9},"skip":true}]},"16":{"line":170,"type":"binary-expr","locations":[{"start":{"line":170,"column":41},"end":{"line":170,"column":71},"skip":true},{"start":{"line":170,"column":75},"end":{"line":179,"column":9},"skip":true}]}},"code":["/* istanbul instrument in package npmtest_google_spreadsheet */","/*jslint","    bitwise: true,","    browser: true,","    maxerr: 8,","    maxlen: 96,","    node: true,","    nomen: true,","    regexp: true,","    stupid: true","*/","(function () {","    'use strict';","    var local;","","","","    // run shared js-env code - pre-init","    (function () {","        // init local","        local = {};","        // init modeJs","        local.modeJs = (function () {","            try {","                return typeof navigator.userAgent === 'string' &&","                    typeof document.querySelector('body') === 'object' &&","                    typeof XMLHttpRequest.prototype.open === 'function' &&","                    'browser';","            } catch (errorCaughtBrowser) {","                return module.exports &&","                    typeof process.versions.node === 'string' &&","                    typeof require('http').createServer === 'function' &&","                    'node';","            }","        }());","        // init global","        local.global = local.modeJs === 'browser'","            ? window","            : global;","        switch (local.modeJs) {","        // re-init local from window.local","        case 'browser':","            local = local.global.utility2.objectSetDefault(","                local.global.utility2_rollup || local.global.local,","                local.global.utility2","            );","            break;","        // re-init local from example.js","        case 'node':","            local = (local.global.utility2_rollup || require('utility2'))","                .requireExampleJsFromReadme();","            break;","        }","        // export local","        local.global.local = local;","    }());","","","","    // run shared js-env code - function","    (function () {","        return;","    }());","    switch (local.modeJs) {","","","","    // run browser js-env code - function","    case 'browser':","        break;","","","","    // run node js-env code - function","    case 'node':","        break;","    }","","","","    // run shared js-env code - post-init","    (function () {","        return;","    }());","    switch (local.modeJs) {","","","","    // run browser js-env code - post-init","    case 'browser':","        // run tests","        local.nop(local.modeTest &&","            document.querySelector('#testRunButton1') &&","            document.querySelector('#testRunButton1').click());","        break;","","","","    // run node js-env code - post-init","    /* istanbul ignore next */","    case 'node':","        local.testCase_buildApidoc_default = local.testCase_buildApidoc_default || function (","            options,","            onError","        ) {","        /*","         * this function will test buildApidoc's default handling-behavior-behavior","         */","            options = { modulePathList: module.paths };","            local.buildApidoc(options, onError);","        };","","        local.testCase_buildApp_default = local.testCase_buildApp_default || function (","            options,","            onError","        ) {","        /*","         * this function will test buildApp's default handling-behavior-behavior","         */","            local.testCase_buildReadme_default(options, local.onErrorThrow);","            local.testCase_buildLib_default(options, local.onErrorThrow);","            local.testCase_buildTest_default(options, local.onErrorThrow);","            local.testCase_buildCustomOrg_default(options, local.onErrorThrow);","            options = [];","            local.buildApp(options, onError);","        };","","        local.testCase_buildCustomOrg_default = local.testCase_buildCustomOrg_default ||","            function (options, onError) {","            /*","             * this function will test buildCustomOrg's default handling-behavior","             */","                options = {};","                local.buildCustomOrg(options, onError);","            };","","        local.testCase_buildLib_default = local.testCase_buildLib_default || function (","            options,","            onError","        ) {","        /*","         * this function will test buildLib's default handling-behavior","         */","            options = {};","            local.buildLib(options, onError);","        };","","        local.testCase_buildReadme_default = local.testCase_buildReadme_default || function (","            options,","            onError","        ) {","        /*","         * this function will test buildReadme's default handling-behavior-behavior","         */","            options = {};","            local.buildReadme(options, onError);","        };","","        local.testCase_buildTest_default = local.testCase_buildTest_default || function (","            options,","            onError","        ) {","        /*","         * this function will test buildTest's default handling-behavior","         */","            options = {};","            local.buildTest(options, onError);","        };","","        local.testCase_webpage_default = local.testCase_webpage_default || function (","            options,","            onError","        ) {","        /*","         * this function will test webpage's default handling-behavior","         */","            options = { modeCoverageMerge: true, url: local.serverLocalHost + '?modeTest=1' };","            local.browserTest(options, onError);","        };","","        // run test-server","        local.testRunServer(local);","        break;","    }","}());",""],"l":{"12":2,"14":2,"19":2,"21":2,"23":2,"24":2,"25":2,"30":1,"37":2,"40":2,"43":1,"47":1,"50":1,"52":1,"55":2,"61":2,"62":2,"64":2,"70":1,"76":1,"82":2,"83":2,"85":2,"92":1,"95":1,"102":1,"109":1,"110":1,"113":1,"120":1,"121":1,"122":1,"123":1,"124":1,"125":1,"128":1,"133":2,"134":2,"137":1,"144":2,"145":2,"148":1,"155":2,"156":2,"159":1,"166":2,"167":2,"170":1,"177":1,"178":1,"182":1,"183":1}},"/home/travis/build/npmtest/node-npmtest-google-spreadsheet/lib.npmtest_google_spreadsheet.js":{"path":"/home/travis/build/npmtest/node-npmtest-google-spreadsheet/lib.npmtest_google_spreadsheet.js","s":{"1":2,"2":2,"3":2,"4":2,"5":2,"6":2,"7":2,"8":1,"9":2,"10":2,"11":2,"12":2,"13":1,"14":1,"15":1,"16":1},"b":{"1":[2,1,1,1],"2":[1,1,1,1],"3":[1,1],"4":[2,2],"5":[1,1]},"f":{"1":2,"2":2,"3":2},"fnMap":{"1":{"name":"(anonymous_1)","line":12,"loc":{"start":{"line":12,"column":1},"end":{"line":12,"column":13}}},"2":{"name":"(anonymous_2)","line":19,"loc":{"start":{"line":19,"column":5},"end":{"line":19,"column":17}}},"3":{"name":"(anonymous_3)","line":23,"loc":{"start":{"line":23,"column":24},"end":{"line":23,"column":36}}}},"statementMap":{"1":{"start":{"line":12,"column":0},"end":{"line":53,"column":5}},"2":{"start":{"line":14,"column":4},"end":{"line":14,"column":14}},"3":{"start":{"line":19,"column":4},"end":{"line":52,"column":9}},"4":{"start":{"line":21,"column":8},"end":{"line":21,"column":19}},"5":{"start":{"line":23,"column":8},"end":{"line":35,"column":13}},"6":{"start":{"line":24,"column":12},"end":{"line":34,"column":13}},"7":{"start":{"line":25,"column":16},"end":{"line":28,"column":30}},"8":{"start":{"line":30,"column":16},"end":{"line":33,"column":27}},"9":{"start":{"line":37,"column":8},"end":{"line":39,"column":21}},"10":{"start":{"line":41,"column":8},"end":{"line":41,"column":54}},"11":{"start":{"line":43,"column":8},"end":{"line":43,"column":63}},"12":{"start":{"line":45,"column":8},"end":{"line":51,"column":9}},"13":{"start":{"line":46,"column":12},"end":{"line":46,"column":69}},"14":{"start":{"line":48,"column":12},"end":{"line":48,"column":35}},"15":{"start":{"line":49,"column":12},"end":{"line":49,"column":49}},"16":{"start":{"line":50,"column":12},"end":{"line":50,"column":43}}},"branchMap":{"1":{"line":25,"type":"binary-expr","locations":[{"start":{"line":25,"column":23},"end":{"line":25,"column":62}},{"start":{"line":26,"column":20},"end":{"line":26,"column":70}},{"start":{"line":27,"column":20},"end":{"line":27,"column":71}},{"start":{"line":28,"column":20},"end":{"line":28,"column":29}}]},"2":{"line":30,"type":"binary-expr","locations":[{"start":{"line":30,"column":23},"end":{"line":30,"column":37}},{"start":{"line":31,"column":20},"end":{"line":31,"column":61}},{"start":{"line":32,"column":20},"end":{"line":32,"column":70}},{"start":{"line":33,"column":20},"end":{"line":33,"column":26}}]},"3":{"line":37,"type":"cond-expr","locations":[{"start":{"line":38,"column":14},"end":{"line":38,"column":20}},{"start":{"line":39,"column":14},"end":{"line":39,"column":20}}]},"4":{"line":41,"type":"binary-expr","locations":[{"start":{"line":41,"column":16},"end":{"line":41,"column":44}},{"start":{"line":41,"column":48},"end":{"line":41,"column":53}}]},"5":{"line":45,"type":"if","locations":[{"start":{"line":45,"column":8},"end":{"line":45,"column":8}},{"start":{"line":45,"column":8},"end":{"line":45,"column":8}}]}},"code":["/* istanbul instrument in package npmtest_google_spreadsheet */","/*jslint","    bitwise: true,","    browser: true,","    maxerr: 8,","    maxlen: 96,","    node: true,","    nomen: true,","    regexp: true,","    stupid: true","*/","(function () {","    'use strict';","    var local;","","","","    // run shared js-env code - pre-init","    (function () {","        // init local","        local = {};","        // init modeJs","        local.modeJs = (function () {","            try {","                return typeof navigator.userAgent === 'string' &&","                    typeof document.querySelector('body') === 'object' &&","                    typeof XMLHttpRequest.prototype.open === 'function' &&","                    'browser';","            } catch (errorCaughtBrowser) {","                return module.exports &&","                    typeof process.versions.node === 'string' &&","                    typeof require('http').createServer === 'function' &&","                    'node';","            }","        }());","        // init global","        local.global = local.modeJs === 'browser'","            ? window","            : global;","        // init utility2_rollup","        local = local.global.utility2_rollup || local;","        // init lib","        local.local = local.npmtest_google_spreadsheet = local;","        // init exports","        if (local.modeJs === 'browser') {","            local.global.utility2_npmtest_google_spreadsheet = local;","        } else {","            module.exports = local;","            module.exports.__dirname = __dirname;","            module.exports.module = module;","        }","    }());","}());",""],"l":{"12":2,"14":2,"19":2,"21":2,"23":2,"24":2,"25":2,"30":1,"37":2,"41":2,"43":2,"45":2,"46":1,"48":1,"49":1,"50":1}},"/home/travis/build/npmtest/node-npmtest-google-spreadsheet/example.js":{"path":"/home/travis/build/npmtest/node-npmtest-google-spreadsheet/example.js","s":{"1":2,"2":2,"3":2,"4":2,"5":2,"6":2,"7":2,"8":1,"9":2,"10":2,"11":2,"12":2,"13":1,"14":2,"15":2,"16":2,"17":2,"18":2,"19":0,"20":2,"21":1,"22":1,"23":1,"24":1,"25":1,"26":0,"27":0,"28":1,"29":1,"30":2,"31":0,"32":0,"33":0,"34":1,"35":2,"36":2,"37":2,"38":2,"39":2,"40":2,"41":0,"42":2,"43":2,"44":2,"45":1,"46":3,"47":1,"48":1,"49":1,"50":1,"51":1,"52":1,"53":1,"54":1,"55":1,"56":1,"57":0,"58":1,"59":6,"60":6,"61":1,"62":2,"63":0,"64":2,"65":1,"66":1,"67":0,"68":0,"69":0,"70":0,"71":0,"72":0,"73":0,"74":0,"75":0,"76":0,"77":0,"78":0,"79":0,"80":0,"81":0,"82":0,"83":0},"b":{"1":[2,1,1,1],"2":[1,1,1,1],"3":[1,1],"4":[2,2],"5":[1,1],"6":[1,1],"7":[2,0],"8":[2,1,1,1,1,1],"9":[0,2,0],"10":[1,1],"11":[2,1,1],"12":[1,0],"13":[0,2],"14":[2,0,0,0,0,0,0],"15":[0,2],"16":[2,0],"17":[1,1],"18":[0,1],"19":[1,2,0,2],"20":[1,0],"21":[1,1],"22":[0,0],"23":[0,0],"24":[0,0],"25":[0,0],"26":[0,0],"27":[0,0],"28":[0,0]},"f":{"1":2,"2":2,"3":2,"4":2,"5":2,"6":2,"7":2,"8":2,"9":3,"10":1,"11":6,"12":0},"fnMap":{"1":{"name":"(anonymous_1)","line":26,"loc":{"start":{"line":26,"column":1},"end":{"line":26,"column":13}}},"2":{"name":"(anonymous_2)","line":33,"loc":{"start":{"line":33,"column":5},"end":{"line":33,"column":17}}},"3":{"name":"(anonymous_3)","line":37,"loc":{"start":{"line":37,"column":24},"end":{"line":37,"column":36}}},"4":{"name":"(anonymous_4)","line":69,"loc":{"start":{"line":69,"column":31},"end":{"line":69,"column":48}},"skip":true},"5":{"name":"(anonymous_5)","line":78,"loc":{"start":{"line":78,"column":26},"end":{"line":78,"column":45}},"skip":true},"6":{"name":"(anonymous_6)","line":123,"loc":{"start":{"line":123,"column":33},"end":{"line":123,"column":48}},"skip":true},"7":{"name":"(anonymous_7)","line":125,"loc":{"start":{"line":125,"column":27},"end":{"line":125,"column":39}},"skip":true},"8":{"name":"(anonymous_8)","line":133,"loc":{"start":{"line":133,"column":59},"end":{"line":133,"column":74}},"skip":true},"9":{"name":"(anonymous_9)","line":143,"loc":{"start":{"line":143,"column":45},"end":{"line":143,"column":62}},"skip":true},"10":{"name":"(anonymous_10)","line":144,"loc":{"start":{"line":144,"column":73},"end":{"line":144,"column":92}},"skip":true},"11":{"name":"(anonymous_11)","line":272,"loc":{"start":{"line":272,"column":51},"end":{"line":272,"column":77}},"skip":true},"12":{"name":"(anonymous_12)","line":314,"loc":{"start":{"line":314,"column":32},"end":{"line":314,"column":61}},"skip":true}},"statementMap":{"1":{"start":{"line":26,"column":0},"end":{"line":325,"column":5}},"2":{"start":{"line":28,"column":4},"end":{"line":28,"column":14}},"3":{"start":{"line":33,"column":4},"end":{"line":60,"column":9}},"4":{"start":{"line":35,"column":8},"end":{"line":35,"column":19}},"5":{"start":{"line":37,"column":8},"end":{"line":49,"column":13}},"6":{"start":{"line":38,"column":12},"end":{"line":48,"column":13}},"7":{"start":{"line":39,"column":16},"end":{"line":42,"column":30}},"8":{"start":{"line":44,"column":16},"end":{"line":47,"column":27}},"9":{"start":{"line":51,"column":8},"end":{"line":53,"column":21}},"10":{"start":{"line":55,"column":8},"end":{"line":57,"column":45}},"11":{"start":{"line":59,"column":8},"end":{"line":59,"column":35}},"12":{"start":{"line":61,"column":4},"end":{"line":324,"column":5}},"13":{"start":{"line":69,"column":8},"end":{"line":121,"column":10},"skip":true},"14":{"start":{"line":70,"column":12},"end":{"line":88,"column":13},"skip":true},"15":{"start":{"line":76,"column":16},"end":{"line":87,"column":19},"skip":true},"16":{"start":{"line":79,"column":20},"end":{"line":86,"column":21},"skip":true},"17":{"start":{"line":82,"column":24},"end":{"line":82,"column":43},"skip":true},"18":{"start":{"line":83,"column":24},"end":{"line":83,"column":30},"skip":true},"19":{"start":{"line":85,"column":24},"end":{"line":85,"column":49},"skip":true},"20":{"start":{"line":89,"column":12},"end":{"line":107,"column":13},"skip":true},"21":{"start":{"line":92,"column":16},"end":{"line":102,"column":17},"skip":true},"22":{"start":{"line":93,"column":20},"end":{"line":93,"column":86},"skip":true},"23":{"start":{"line":94,"column":20},"end":{"line":95,"column":45},"skip":true},"24":{"start":{"line":96,"column":20},"end":{"line":96,"column":42},"skip":true},"25":{"start":{"line":97,"column":20},"end":{"line":97,"column":48},"skip":true},"26":{"start":{"line":100,"column":20},"end":{"line":100,"column":85},"skip":true},"27":{"start":{"line":101,"column":20},"end":{"line":101,"column":96},"skip":true},"28":{"start":{"line":103,"column":16},"end":{"line":103,"column":22},"skip":true},"29":{"start":{"line":106,"column":16},"end":{"line":106,"column":22},"skip":true},"30":{"start":{"line":108,"column":12},"end":{"line":120,"column":13},"skip":true},"31":{"start":{"line":114,"column":16},"end":{"line":119,"column":17},"skip":true},"32":{"start":{"line":116,"column":20},"end":{"line":116,"column":78},"skip":true},"33":{"start":{"line":118,"column":20},"end":{"line":118,"column":47},"skip":true},"34":{"start":{"line":123,"column":8},"end":{"line":141,"column":11},"skip":true},"35":{"start":{"line":124,"column":12},"end":{"line":124,"column":54},"skip":true},"36":{"start":{"line":125,"column":12},"end":{"line":140,"column":14},"skip":true},"37":{"start":{"line":126,"column":16},"end":{"line":126,"column":28},"skip":true},"38":{"start":{"line":127,"column":16},"end":{"line":127,"column":69},"skip":true},"39":{"start":{"line":128,"column":16},"end":{"line":128,"column":75},"skip":true},"40":{"start":{"line":129,"column":16},"end":{"line":131,"column":17},"skip":true},"41":{"start":{"line":130,"column":20},"end":{"line":130,"column":27},"skip":true},"42":{"start":{"line":133,"column":16},"end":{"line":137,"column":36},"skip":true},"43":{"start":{"line":134,"column":20},"end":{"line":136,"column":55},"skip":true},"44":{"start":{"line":139,"column":16},"end":{"line":139,"column":57},"skip":true},"45":{"start":{"line":143,"column":8},"end":{"line":147,"column":11},"skip":true},"46":{"start":{"line":144,"column":12},"end":{"line":146,"column":15},"skip":true},"47":{"start":{"line":145,"column":16},"end":{"line":145,"column":70},"skip":true},"48":{"start":{"line":149,"column":8},"end":{"line":149,"column":31},"skip":true},"49":{"start":{"line":150,"column":8},"end":{"line":150,"column":14},"skip":true},"50":{"start":{"line":158,"column":8},"end":{"line":158,"column":31},"skip":true},"51":{"start":{"line":160,"column":8},"end":{"line":160,"column":33},"skip":true},"52":{"start":{"line":161,"column":8},"end":{"line":161,"column":37},"skip":true},"53":{"start":{"line":162,"column":8},"end":{"line":162,"column":35},"skip":true},"54":{"start":{"line":164,"column":8},"end":{"line":164,"column":50},"skip":true},"55":{"start":{"line":166,"column":8},"end":{"line":256,"column":2},"skip":true},"56":{"start":{"line":258,"column":8},"end":{"line":286,"column":9},"skip":true},"57":{"start":{"line":259,"column":12},"end":{"line":269,"column":14},"skip":true},"58":{"start":{"line":271,"column":12},"end":{"line":285,"column":19},"skip":true},"59":{"start":{"line":274,"column":20},"end":{"line":274,"column":35},"skip":true},"60":{"start":{"line":275,"column":20},"end":{"line":284,"column":21},"skip":true},"61":{"start":{"line":277,"column":24},"end":{"line":277,"column":64},"skip":true},"62":{"start":{"line":279,"column":24},"end":{"line":279,"column":40},"skip":true},"63":{"start":{"line":281,"column":24},"end":{"line":281,"column":40},"skip":true},"64":{"start":{"line":283,"column":24},"end":{"line":283,"column":39},"skip":true},"65":{"start":{"line":288,"column":8},"end":{"line":290,"column":9},"skip":true},"66":{"start":{"line":289,"column":12},"end":{"line":289,"column":18},"skip":true},"67":{"start":{"line":291,"column":8},"end":{"line":293,"column":54},"skip":true},"68":{"start":{"line":294,"column":8},"end":{"line":301,"column":37},"skip":true},"69":{"start":{"line":302,"column":8},"end":{"line":302,"column":82},"skip":true},"70":{"start":{"line":305,"column":8},"end":{"line":307,"column":9},"skip":true},"71":{"start":{"line":306,"column":12},"end":{"line":306,"column":82},"skip":true},"72":{"start":{"line":309,"column":8},"end":{"line":311,"column":9},"skip":true},"73":{"start":{"line":310,"column":12},"end":{"line":310,"column":18},"skip":true},"74":{"start":{"line":312,"column":8},"end":{"line":312,"column":54},"skip":true},"75":{"start":{"line":313,"column":8},"end":{"line":313,"column":69},"skip":true},"76":{"start":{"line":314,"column":8},"end":{"line":322,"column":36},"skip":true},"77":{"start":{"line":315,"column":12},"end":{"line":315,"column":61},"skip":true},"78":{"start":{"line":316,"column":12},"end":{"line":319,"column":13},"skip":true},"79":{"start":{"line":317,"column":16},"end":{"line":317,"column":75},"skip":true},"80":{"start":{"line":318,"column":16},"end":{"line":318,"column":23},"skip":true},"81":{"start":{"line":320,"column":12},"end":{"line":320,"column":38},"skip":true},"82":{"start":{"line":321,"column":12},"end":{"line":321,"column":27},"skip":true},"83":{"start":{"line":323,"column":8},"end":{"line":323,"column":14},"skip":true}},"branchMap":{"1":{"line":39,"type":"binary-expr","locations":[{"start":{"line":39,"column":23},"end":{"line":39,"column":62}},{"start":{"line":40,"column":20},"end":{"line":40,"column":70}},{"start":{"line":41,"column":20},"end":{"line":41,"column":71}},{"start":{"line":42,"column":20},"end":{"line":42,"column":29}}]},"2":{"line":44,"type":"binary-expr","locations":[{"start":{"line":44,"column":23},"end":{"line":44,"column":37}},{"start":{"line":45,"column":20},"end":{"line":45,"column":61}},{"start":{"line":46,"column":20},"end":{"line":46,"column":70}},{"start":{"line":47,"column":20},"end":{"line":47,"column":26}}]},"3":{"line":51,"type":"cond-expr","locations":[{"start":{"line":52,"column":14},"end":{"line":52,"column":20}},{"start":{"line":53,"column":14},"end":{"line":53,"column":20}}]},"4":{"line":55,"type":"binary-expr","locations":[{"start":{"line":55,"column":16},"end":{"line":55,"column":44}},{"start":{"line":55,"column":49},"end":{"line":57,"column":43}}]},"5":{"line":55,"type":"cond-expr","locations":[{"start":{"line":56,"column":14},"end":{"line":56,"column":62}},{"start":{"line":57,"column":14},"end":{"line":57,"column":43}}]},"6":{"line":61,"type":"switch","locations":[{"start":{"line":68,"column":4},"end":{"line":150,"column":14},"skip":true},{"start":{"line":156,"column":4},"end":{"line":323,"column":14},"skip":true}]},"7":{"line":70,"type":"if","locations":[{"start":{"line":70,"column":12},"end":{"line":70,"column":12},"skip":true},{"start":{"line":70,"column":12},"end":{"line":70,"column":12},"skip":true}]},"8":{"line":70,"type":"binary-expr","locations":[{"start":{"line":70,"column":16},"end":{"line":70,"column":22},"skip":true},{"start":{"line":70,"column":27},"end":{"line":70,"column":32},"skip":true},{"start":{"line":71,"column":20},"end":{"line":71,"column":39},"skip":true},{"start":{"line":72,"column":20},"end":{"line":72,"column":49},"skip":true},{"start":{"line":73,"column":20},"end":{"line":73,"column":58},"skip":true},{"start":{"line":74,"column":20},"end":{"line":74,"column":69},"skip":true}]},"9":{"line":79,"type":"switch","locations":[{"start":{"line":80,"column":20},"end":{"line":80,"column":33},"skip":true},{"start":{"line":81,"column":20},"end":{"line":83,"column":30},"skip":true},{"start":{"line":84,"column":20},"end":{"line":85,"column":49},"skip":true}]},"10":{"line":89,"type":"switch","locations":[{"start":{"line":90,"column":12},"end":{"line":103,"column":22},"skip":true},{"start":{"line":105,"column":12},"end":{"line":106,"column":22},"skip":true}]},"11":{"line":89,"type":"binary-expr","locations":[{"start":{"line":89,"column":20},"end":{"line":89,"column":25},"skip":true},{"start":{"line":89,"column":29},"end":{"line":89,"column":48},"skip":true},{"start":{"line":89,"column":52},"end":{"line":89,"column":74},"skip":true}]},"12":{"line":92,"type":"if","locations":[{"start":{"line":92,"column":16},"end":{"line":92,"column":16},"skip":true},{"start":{"line":92,"column":16},"end":{"line":92,"column":16},"skip":true}]},"13":{"line":108,"type":"if","locations":[{"start":{"line":108,"column":12},"end":{"line":108,"column":12},"skip":true},{"start":{"line":108,"column":12},"end":{"line":108,"column":12},"skip":true}]},"14":{"line":108,"type":"binary-expr","locations":[{"start":{"line":108,"column":16},"end":{"line":108,"column":61},"skip":true},{"start":{"line":108,"column":66},"end":{"line":108,"column":72},"skip":true},{"start":{"line":108,"column":77},"end":{"line":108,"column":82},"skip":true},{"start":{"line":109,"column":20},"end":{"line":109,"column":39},"skip":true},{"start":{"line":110,"column":20},"end":{"line":110,"column":49},"skip":true},{"start":{"line":111,"column":20},"end":{"line":111,"column":58},"skip":true},{"start":{"line":112,"column":20},"end":{"line":112,"column":68},"skip":true}]},"15":{"line":129,"type":"if","locations":[{"start":{"line":129,"column":16},"end":{"line":129,"column":16},"skip":true},{"start":{"line":129,"column":16},"end":{"line":129,"column":16},"skip":true}]},"16":{"line":134,"type":"cond-expr","locations":[{"start":{"line":135,"column":26},"end":{"line":135,"column":29},"skip":true},{"start":{"line":136,"column":26},"end":{"line":136,"column":54},"skip":true}]},"17":{"line":164,"type":"binary-expr","locations":[{"start":{"line":164,"column":27},"end":{"line":164,"column":43},"skip":true},{"start":{"line":164,"column":47},"end":{"line":164,"column":49},"skip":true}]},"18":{"line":258,"type":"if","locations":[{"start":{"line":258,"column":8},"end":{"line":258,"column":8},"skip":true},{"start":{"line":258,"column":8},"end":{"line":258,"column":8},"skip":true}]},"19":{"line":275,"type":"switch","locations":[{"start":{"line":276,"column":20},"end":{"line":277,"column":64},"skip":true},{"start":{"line":278,"column":20},"end":{"line":279,"column":40},"skip":true},{"start":{"line":280,"column":20},"end":{"line":281,"column":40},"skip":true},{"start":{"line":282,"column":20},"end":{"line":283,"column":39},"skip":true}]},"20":{"line":288,"type":"if","locations":[{"start":{"line":288,"column":8},"end":{"line":288,"column":8},"skip":true},{"start":{"line":288,"column":8},"end":{"line":288,"column":8},"skip":true}]},"21":{"line":288,"type":"binary-expr","locations":[{"start":{"line":288,"column":12},"end":{"line":288,"column":40},"skip":true},{"start":{"line":288,"column":44},"end":{"line":288,"column":67},"skip":true}]},"22":{"line":292,"type":"binary-expr","locations":[{"start":{"line":292,"column":12},"end":{"line":292,"column":50},"skip":true},{"start":{"line":293,"column":12},"end":{"line":293,"column":53},"skip":true}]},"23":{"line":295,"type":"binary-expr","locations":[{"start":{"line":295,"column":12},"end":{"line":295,"column":76},"skip":true},{"start":{"line":296,"column":12},"end":{"line":301,"column":36},"skip":true}]},"24":{"line":302,"type":"binary-expr","locations":[{"start":{"line":302,"column":43},"end":{"line":302,"column":75},"skip":true},{"start":{"line":302,"column":79},"end":{"line":302,"column":81},"skip":true}]},"25":{"line":305,"type":"if","locations":[{"start":{"line":305,"column":8},"end":{"line":305,"column":8},"skip":true},{"start":{"line":305,"column":8},"end":{"line":305,"column":8},"skip":true}]},"26":{"line":309,"type":"if","locations":[{"start":{"line":309,"column":8},"end":{"line":309,"column":8},"skip":true},{"start":{"line":309,"column":8},"end":{"line":309,"column":8},"skip":true}]},"27":{"line":312,"type":"binary-expr","locations":[{"start":{"line":312,"column":27},"end":{"line":312,"column":43},"skip":true},{"start":{"line":312,"column":47},"end":{"line":312,"column":53},"skip":true}]},"28":{"line":316,"type":"if","locations":[{"start":{"line":316,"column":12},"end":{"line":316,"column":12},"skip":true},{"start":{"line":316,"column":12},"end":{"line":316,"column":12},"skip":true}]}},"code":["/*","example.js","","quickstart example","","instruction","    1. save this script as example.js","    2. run the shell command:","        $ npm install npmtest-google-spreadsheet && PORT=8081 node example.js","    3. play with the browser-demo on http://127.0.0.1:8081","*/","","","","/* istanbul instrument in package npmtest_google_spreadsheet */","/*jslint","    bitwise: true,","    browser: true,","    maxerr: 8,","    maxlen: 96,","    node: true,","    nomen: true,","    regexp: true,","    stupid: true","*/","(function () {","    'use strict';","    var local;","","","","    // run shared js-env code - pre-init","    (function () {","        // init local","        local = {};","        // init modeJs","        local.modeJs = (function () {","            try {","                return typeof navigator.userAgent === 'string' &&","                    typeof document.querySelector('body') === 'object' &&","                    typeof XMLHttpRequest.prototype.open === 'function' &&","                    'browser';","            } catch (errorCaughtBrowser) {","                return module.exports &&","                    typeof process.versions.node === 'string' &&","                    typeof require('http').createServer === 'function' &&","                    'node';","            }","        }());","        // init global","        local.global = local.modeJs === 'browser'","            ? window","            : global;","        // init utility2_rollup","        local = local.global.utility2_rollup || (local.modeJs === 'browser'","            ? local.global.utility2_npmtest_google_spreadsheet","            : global.utility2_moduleExports);","        // export local","        local.global.local = local;","    }());","    switch (local.modeJs) {","","","","    // post-init","    // run browser js-env code - post-init","    /* istanbul ignore next */","    case 'browser':","        local.testRunBrowser = function (event) {","            if (!event || (event &&","                    event.currentTarget &&","                    event.currentTarget.className &&","                    event.currentTarget.className.includes &&","                    event.currentTarget.className.includes('onreset'))) {","                // reset output","                Array.from(","                    document.querySelectorAll('body > .resettable')","                ).forEach(function (element) {","                    switch (element.tagName) {","                    case 'INPUT':","                    case 'TEXTAREA':","                        element.value = '';","                        break;","                    default:","                        element.textContent = '';","                    }","                });","            }","            switch (event && event.currentTarget && event.currentTarget.id) {","            case 'testRunButton1':","                // show tests","                if (document.querySelector('#testReportDiv1').style.display === 'none') {","                    document.querySelector('#testReportDiv1').style.display = 'block';","                    document.querySelector('#testRunButton1').textContent =","                        'hide internal test';","                    local.modeTest = true;","                    local.testRunDefault(local);","                // hide tests","                } else {","                    document.querySelector('#testReportDiv1').style.display = 'none';","                    document.querySelector('#testRunButton1').textContent = 'run internal test';","                }","                break;","            // custom-case","            default:","                break;","            }","            if (document.querySelector('#inputTextareaEval1') && (!event || (event &&","                    event.currentTarget &&","                    event.currentTarget.className &&","                    event.currentTarget.className.includes &&","                    event.currentTarget.className.includes('oneval')))) {","                // try to eval input-code","                try {","                    /*jslint evil: true*/","                    eval(document.querySelector('#inputTextareaEval1').value);","                } catch (errorCaught) {","                    console.error(errorCaught);","                }","            }","        };","        // log stderr and stdout to #outputTextareaStdout1","        ['error', 'log'].forEach(function (key) {","            console[key + '_original'] = console[key];","            console[key] = function () {","                var element;","                console[key + '_original'].apply(console, arguments);","                element = document.querySelector('#outputTextareaStdout1');","                if (!element) {","                    return;","                }","                // append text to #outputTextareaStdout1","                element.value += Array.from(arguments).map(function (arg) {","                    return typeof arg === 'string'","                        ? arg","                        : JSON.stringify(arg, null, 4);","                }).join(' ') + '\\n';","                // scroll textarea to bottom","                element.scrollTop = element.scrollHeight;","            };","        });","        // init event-handling","        ['change', 'click', 'keyup'].forEach(function (event) {","            Array.from(document.querySelectorAll('.on' + event)).forEach(function (element) {","                element.addEventListener(event, local.testRunBrowser);","            });","        });","        // run tests","        local.testRunBrowser();","        break;","","","","    // run node js-env code - post-init","    /* istanbul ignore next */","    case 'node':","        // export local","        module.exports = local;","        // require modules","        local.fs = require('fs');","        local.http = require('http');","        local.url = require('url');","        // init assets","        local.assetsDict = local.assetsDict || {};","        /* jslint-ignore-begin */","        local.assetsDict['/assets.index.template.html'] = '\\","<!doctype html>\\n\\","<html lang=\"en\">\\n\\","<head>\\n\\","<meta charset=\"UTF-8\">\\n\\","<meta name=\"viewport\" content=\"width=device-width, initial-scale=1\">\\n\\","<title>{{env.npm_package_name}} (v{{env.npm_package_version}})</title>\\n\\","<style>\\n\\","/*csslint\\n\\","    box-sizing: false,\\n\\","    universal-selector: false\\n\\","*/\\n\\","* {\\n\\","    box-sizing: border-box;\\n\\","}\\n\\","body {\\n\\","    background: #dde;\\n\\","    font-family: Arial, Helvetica, sans-serif;\\n\\","    margin: 2rem;\\n\\","}\\n\\","body > * {\\n\\","    margin-bottom: 1rem;\\n\\","}\\n\\",".utility2FooterDiv {\\n\\","    margin-top: 20px;\\n\\","    text-align: center;\\n\\","}\\n\\","</style>\\n\\","<style>\\n\\","/*csslint\\n\\","*/\\n\\","textarea {\\n\\","    font-family: monospace;\\n\\","    height: 10rem;\\n\\","    width: 100%;\\n\\","}\\n\\","textarea[readonly] {\\n\\","    background: #ddd;\\n\\","}\\n\\","</style>\\n\\","</head>\\n\\","<body>\\n\\","<!-- utility2-comment\\n\\","<div id=\"ajaxProgressDiv1\" style=\"background: #d00; height: 2px; left: 0; margin: 0; padding: 0; position: fixed; top: 0; transition: background 0.5s, width 1.5s; width: 25%;\"></div>\\n\\","utility2-comment -->\\n\\","<h1>\\n\\","<!-- utility2-comment\\n\\","    <a\\n\\","        {{#if env.npm_package_homepage}}\\n\\","        href=\"{{env.npm_package_homepage}}\"\\n\\","        {{/if env.npm_package_homepage}}\\n\\","        target=\"_blank\"\\n\\","    >\\n\\","utility2-comment -->\\n\\","        {{env.npm_package_name}} (v{{env.npm_package_version}})\\n\\","<!-- utility2-comment\\n\\","    </a>\\n\\","utility2-comment -->\\n\\","</h1>\\n\\","<h3>{{env.npm_package_description}}</h3>\\n\\","<!-- utility2-comment\\n\\","<h4><a download href=\"assets.app.js\">download standalone app</a></h4>\\n\\","<button class=\"onclick onreset\" id=\"testRunButton1\">run internal test</button><br>\\n\\","<div id=\"testReportDiv1\" style=\"display: none;\"></div>\\n\\","utility2-comment -->\\n\\","\\n\\","\\n\\","\\n\\","<label>stderr and stdout</label>\\n\\","<textarea class=\"resettable\" id=\"outputTextareaStdout1\" readonly></textarea>\\n\\","<!-- utility2-comment\\n\\","{{#if isRollup}}\\n\\","<script src=\"assets.app.js\"></script>\\n\\","{{#unless isRollup}}\\n\\","utility2-comment -->\\n\\","<script src=\"assets.utility2.rollup.js\"></script>\\n\\","<script src=\"jsonp.utility2._stateInit?callback=window.utility2._stateInit\"></script>\\n\\","<script src=\"assets.npmtest_google_spreadsheet.rollup.js\"></script>\\n\\","<script src=\"assets.example.js\"></script>\\n\\","<script src=\"assets.test.js\"></script>\\n\\","<!-- utility2-comment\\n\\","{{/if isRollup}}\\n\\","utility2-comment -->\\n\\","<div class=\"utility2FooterDiv\">\\n\\","    [ this app was created with\\n\\","    <a href=\"https://github.com/kaizhu256/node-utility2\" target=\"_blank\">utility2</a>\\n\\","    ]\\n\\","</div>\\n\\","</body>\\n\\","</html>\\n\\","';","        /* jslint-ignore-end */","        if (local.templateRender) {","            local.assetsDict['/'] = local.templateRender(","                local.assetsDict['/assets.index.template.html'],","                {","                    env: local.objectSetDefault(local.env, {","                        npm_package_description: 'the greatest app in the world!',","                        npm_package_name: 'my-app',","                        npm_package_nameAlias: 'my_app',","                        npm_package_version: '0.0.1'","                    })","                }","            );","        } else {","            local.assetsDict['/'] = local.assetsDict['/assets.index.template.html']","                .replace((/\\{\\{env\\.(\\w+?)\\}\\}/g), function (match0, match1) {","                    // jslint-hack","                    String(match0);","                    switch (match1) {","                    case 'npm_package_description':","                        return 'the greatest app in the world!';","                    case 'npm_package_name':","                        return 'my-app';","                    case 'npm_package_nameAlias':","                        return 'my_app';","                    case 'npm_package_version':","                        return '0.0.1';","                    }","                });","        }","        // run the cli","        if (local.global.utility2_rollup || module !== require.main) {","            break;","        }","        local.assetsDict['/assets.example.js'] =","            local.assetsDict['/assets.example.js'] ||","            local.fs.readFileSync(__filename, 'utf8');","        local.assetsDict['/assets.npmtest_google_spreadsheet.rollup.js'] =","            local.assetsDict['/assets.npmtest_google_spreadsheet.rollup.js'] ||","            local.fs.readFileSync(","                // buildCustomOrg-hack","                local.npmtest_google_spreadsheet.__dirname +","                    '/lib.npmtest_google_spreadsheet.js',","                'utf8'","            ).replace((/^#!/), '//');","        local.assetsDict['/favicon.ico'] = local.assetsDict['/favicon.ico'] || '';","        // if $npm_config_timeout_exit exists,","        // then exit this process after $npm_config_timeout_exit ms","        if (Number(process.env.npm_config_timeout_exit)) {","            setTimeout(process.exit, Number(process.env.npm_config_timeout_exit));","        }","        // start server","        if (local.global.utility2_serverHttp1) {","            break;","        }","        process.env.PORT = process.env.PORT || '8081';","        console.error('server starting on port ' + process.env.PORT);","        local.http.createServer(function (request, response) {","            request.urlParsed = local.url.parse(request.url);","            if (local.assetsDict[request.urlParsed.pathname] !== undefined) {","                response.end(local.assetsDict[request.urlParsed.pathname]);","                return;","            }","            response.statusCode = 404;","            response.end();","        }).listen(process.env.PORT);","        break;","    }","}());",""],"l":{"26":2,"28":2,"33":2,"35":2,"37":2,"38":2,"39":2,"44":1,"51":2,"55":2,"59":2,"61":2,"69":1,"70":2,"76":2,"79":2,"82":2,"83":2,"85":1,"89":2,"92":1,"93":1,"94":1,"96":1,"97":1,"100":1,"101":1,"103":1,"106":1,"108":2,"114":1,"116":1,"118":1,"123":1,"124":2,"125":2,"126":2,"127":2,"128":2,"129":2,"130":1,"133":2,"134":2,"139":2,"143":1,"144":3,"145":1,"149":1,"150":1,"158":1,"160":1,"161":1,"162":1,"164":1,"166":1,"258":1,"259":1,"271":1,"274":6,"275":6,"277":1,"279":2,"281":1,"283":2,"288":1,"289":1,"291":1,"294":1,"302":1,"305":1,"306":1,"309":1,"310":1,"312":1,"313":1,"314":1,"315":1,"316":1,"317":1,"318":1,"320":1,"321":1,"323":1}},"/home/travis/build/npmtest/node-npmtest-google-spreadsheet/node_modules/google-spreadsheet/index.js":{"path":"/home/travis/build/npmtest/node-npmtest-google-spreadsheet/node_modules/google-spreadsheet/index.js","s":{"1":1,"2":1,"3":1,"4":1,"5":1,"6":1,"7":1,"8":1,"9":1,"10":1,"11":1,"12":0,"13":0,"14":0,"15":0,"16":0,"17":0,"18":0,"19":0,"20":0,"21":0,"22":0,"23":0,"24":0,"25":0,"26":0,"27":0,"28":0,"29":0,"30":0,"31":0,"32":0,"33":0,"34":0,"35":0,"36":0,"37":1,"38":0,"39":0,"40":0,"41":0,"42":0,"43":0,"44":0,"45":0,"46":1,"47":0,"48":0,"49":0,"50":0,"51":0,"52":0,"53":0,"54":0,"55":0,"56":0,"57":0,"58":0,"59":0,"60":0,"61":0,"62":0,"63":0,"64":0,"65":0,"66":0,"67":0,"68":0,"69":0,"70":0,"71":0,"72":0,"73":0,"74":0,"75":0,"76":0,"77":0,"78":0,"79":0,"80":0,"81":0,"82":0,"83":0,"84":0,"85":0,"86":0,"87":0,"88":0,"89":0,"90":0,"91":0,"92":0,"93":0,"94":0,"95":0,"96":0,"97":0,"98":0,"99":0,"100":0,"101":0,"102":0,"103":0,"104":0,"105":0,"106":0,"107":0,"108":0,"109":0,"110":0,"111":0,"112":0,"113":0,"114":0,"115":0,"116":0,"117":0,"118":0,"119":0,"120":0,"121":0,"122":0,"123":0,"124":0,"125":0,"126":0,"127":0,"128":0,"129":0,"130":0,"131":0,"132":0,"133":0,"134":0,"135":0,"136":0,"137":0,"138":0,"139":0,"140":0,"141":0,"142":0,"143":0,"144":0,"145":0,"146":0,"147":0,"148":0,"149":0,"150":0,"151":0,"152":0,"153":0,"154":0,"155":0,"156":0,"157":0,"158":0,"159":0,"160":0,"161":0,"162":0,"163":0,"164":0,"165":0,"166":0,"167":0,"168":0,"169":0,"170":0,"171":0,"172":0,"173":0,"174":0,"175":0,"176":0,"177":0,"178":0,"179":0,"180":0,"181":0,"182":0,"183":0,"184":0,"185":0,"186":0,"187":0,"188":0,"189":0,"190":0,"191":0,"192":0,"193":0,"194":0,"195":0,"196":0,"197":0,"198":1,"199":0,"200":0,"201":0,"202":0,"203":0,"204":0,"205":0,"206":0,"207":0,"208":0,"209":0,"210":0,"211":1,"212":0,"213":0,"214":0,"215":0,"216":0,"217":0,"218":0,"219":0,"220":0,"221":0,"222":0,"223":0,"224":0,"225":0,"226":0,"227":0,"228":0,"229":0,"230":0,"231":0,"232":0,"233":0,"234":0,"235":0,"236":0,"237":0,"238":0,"239":0,"240":0,"241":0,"242":0,"243":0,"244":0,"245":0,"246":0,"247":0,"248":0,"249":0,"250":0,"251":0,"252":0,"253":0,"254":0,"255":0,"256":0,"257":0,"258":0,"259":0,"260":0,"261":0,"262":0,"263":0,"264":0,"265":0,"266":0,"267":1,"268":0,"269":0,"270":0,"271":0,"272":0,"273":0,"274":0,"275":0,"276":0,"277":0,"278":0,"279":0,"280":0,"281":0,"282":0,"283":0,"284":0,"285":0,"286":0,"287":0,"288":0,"289":0,"290":0,"291":0,"292":0,"293":0,"294":0,"295":0,"296":1,"297":0,"298":1,"299":0,"300":0,"301":0,"302":0,"303":0,"304":0,"305":0,"306":0,"307":0,"308":0,"309":0,"310":0,"311":0,"312":0,"313":0,"314":0,"315":0,"316":0,"317":0,"318":0,"319":0,"320":0,"321":0,"322":0,"323":0,"324":0,"325":0,"326":0,"327":0,"328":0,"329":0,"330":0,"331":0,"332":0,"333":0,"334":0,"335":0,"336":0,"337":0,"338":0,"339":0,"340":0,"341":0,"342":0,"343":0,"344":0,"345":0,"346":0,"347":0,"348":0,"349":0,"350":0,"351":0,"352":0,"353":0,"354":0,"355":0,"356":0,"357":0,"358":0,"359":0,"360":0,"361":0,"362":0,"363":0,"364":0,"365":0,"366":0,"367":0,"368":0,"369":0,"370":0,"371":0,"372":0,"373":0,"374":1,"375":1,"376":0,"377":0,"378":0,"379":0,"380":0,"381":1,"382":0,"383":0,"384":0,"385":1,"386":0,"387":0,"388":0},"b":{"1":[0,0],"2":[0,0],"3":[0,0],"4":[0,0],"5":[0,0],"6":[0,0],"7":[0,0],"8":[0,0],"9":[0,0],"10":[0,0],"11":[0,0],"12":[0,0],"13":[0,0],"14":[0,0],"15":[0,0],"16":[0,0],"17":[0,0],"18":[0,0],"19":[0,0],"20":[0,0,0],"21":[0,0],"22":[0,0],"23":[0,0],"24":[0,0],"25":[0,0],"26":[0,0],"27":[0,0],"28":[0,0],"29":[0,0],"30":[0,0],"31":[0,0],"32":[0,0],"33":[0,0],"34":[0,0],"35":[0,0],"36":[0,0],"37":[0,0],"38":[0,0],"39":[0,0],"40":[0,0],"41":[0,0],"42":[0,0],"43":[0,0],"44":[0,0],"45":[0,0],"46":[0,0],"47":[0,0],"48":[0,0],"49":[0,0],"50":[0,0],"51":[0,0],"52":[0,0],"53":[0,0],"54":[0,0],"55":[0,0,0,0],"56":[0,0],"57":[0,0],"58":[0,0],"59":[0,0],"60":[0,0],"61":[0,0],"62":[0,0],"63":[0,0],"64":[0,0],"65":[0,0],"66":[0,0],"67":[0,0],"68":[0,0],"69":[0,0],"70":[0,0],"71":[0,0],"72":[0,0],"73":[0,0],"74":[0,0],"75":[0,0],"76":[0,0],"77":[0,0],"78":[0,0],"79":[0,0],"80":[0,0],"81":[0,0],"82":[0,0],"83":[0,0],"84":[0,0],"85":[0,0],"86":[0,0],"87":[0,0],"88":[0,0],"89":[0,0],"90":[0,0],"91":[0,0],"92":[0,0],"93":[0,0],"94":[0,0],"95":[0,0],"96":[0,0],"97":[0,0],"98":[0,0],"99":[0,0],"100":[0,0],"101":[0,0]},"f":{"1":0,"2":0,"3":0,"4":0,"5":0,"6":0,"7":0,"8":0,"9":0,"10":0,"11":0,"12":0,"13":0,"14":0,"15":0,"16":0,"17":0,"18":0,"19":0,"20":0,"21":0,"22":0,"23":0,"24":0,"25":0,"26":0,"27":0,"28":0,"29":0,"30":0,"31":0,"32":0,"33":0,"34":0,"35":0,"36":0,"37":0,"38":0,"39":0,"40":0,"41":0,"42":0,"43":0,"44":0,"45":0,"46":0,"47":0,"48":0,"49":0,"50":0,"51":0,"52":0,"53":0,"54":0,"55":0,"56":0,"57":0,"58":0,"59":0,"60":0,"61":0,"62":0,"63":0,"64":0,"65":0,"66":0,"67":0,"68":0,"69":0,"70":0,"71":0,"72":0,"73":0,"74":0,"75":0,"76":0},"fnMap":{"1":{"name":"(anonymous_1)","line":16,"loc":{"start":{"line":16,"column":24},"end":{"line":16,"column":60}}},"2":{"name":"(anonymous_2)","line":45,"loc":{"start":{"line":45,"column":22},"end":{"line":45,"column":42}}},"3":{"name":"(anonymous_3)","line":52,"loc":{"start":{"line":52,"column":17},"end":{"line":52,"column":51}}},"4":{"name":"(anonymous_4)","line":56,"loc":{"start":{"line":56,"column":31},"end":{"line":56,"column":52}}},"5":{"name":"renewJwtAuth","line":68,"loc":{"start":{"line":68,"column":2},"end":{"line":68,"column":28}}},"6":{"name":"(anonymous_6)","line":70,"loc":{"start":{"line":70,"column":25},"end":{"line":70,"column":47}}},"7":{"name":"(anonymous_7)","line":81,"loc":{"start":{"line":81,"column":22},"end":{"line":81,"column":33}}},"8":{"name":"setAuthAndDependencies","line":86,"loc":{"start":{"line":86,"column":2},"end":{"line":86,"column":42}}},"9":{"name":"(anonymous_9)","line":97,"loc":{"start":{"line":97,"column":25},"end":{"line":97,"column":74}}},"10":{"name":"(anonymous_10)","line":100,"loc":{"start":{"line":100,"column":19},"end":{"line":100,"column":29}}},"11":{"name":"(anonymous_11)","line":111,"loc":{"start":{"line":111,"column":12},"end":{"line":111,"column":27}}},"12":{"name":"(anonymous_12)","line":117,"loc":{"start":{"line":117,"column":15},"end":{"line":117,"column":38}}},"13":{"name":"(anonymous_13)","line":150,"loc":{"start":{"line":150,"column":11},"end":{"line":150,"column":40}}},"14":{"name":"(anonymous_14)","line":164,"loc":{"start":{"line":164,"column":41},"end":{"line":164,"column":62}}},"15":{"name":"(anonymous_15)","line":180,"loc":{"start":{"line":180,"column":17},"end":{"line":180,"column":31}}},"16":{"name":"(anonymous_16)","line":181,"loc":{"start":{"line":181,"column":63},"end":{"line":181,"column":88}}},"17":{"name":"(anonymous_17)","line":194,"loc":{"start":{"line":194,"column":26},"end":{"line":194,"column":46}}},"18":{"name":"(anonymous_18)","line":205,"loc":{"start":{"line":205,"column":22},"end":{"line":205,"column":43}}},"19":{"name":"(anonymous_19)","line":237,"loc":{"start":{"line":237,"column":68},"end":{"line":237,"column":93}}},"20":{"name":"(anonymous_20)","line":243,"loc":{"start":{"line":243,"column":39},"end":{"line":243,"column":53}}},"21":{"name":"(anonymous_21)","line":249,"loc":{"start":{"line":249,"column":25},"end":{"line":249,"column":54}}},"22":{"name":"(anonymous_22)","line":254,"loc":{"start":{"line":254,"column":17},"end":{"line":254,"column":51}}},"23":{"name":"(anonymous_23)","line":276,"loc":{"start":{"line":276,"column":72},"end":{"line":276,"column":97}}},"24":{"name":"(anonymous_24)","line":290,"loc":{"start":{"line":290,"column":48},"end":{"line":290,"column":71}}},"25":{"name":"(anonymous_25)","line":293,"loc":{"start":{"line":293,"column":39},"end":{"line":293,"column":52}}},"26":{"name":"(anonymous_26)","line":300,"loc":{"start":{"line":300,"column":23},"end":{"line":300,"column":44}}},"27":{"name":"(anonymous_27)","line":307,"loc":{"start":{"line":307,"column":16},"end":{"line":307,"column":50}}},"28":{"name":"(anonymous_28)","line":309,"loc":{"start":{"line":309,"column":30},"end":{"line":309,"column":44}}},"29":{"name":"(anonymous_29)","line":318,"loc":{"start":{"line":318,"column":18},"end":{"line":318,"column":52}}},"30":{"name":"(anonymous_30)","line":330,"loc":{"start":{"line":330,"column":72},"end":{"line":330,"column":98}}},"31":{"name":"(anonymous_31)","line":339,"loc":{"start":{"line":339,"column":22},"end":{"line":339,"column":43}}},"32":{"name":"(anonymous_32)","line":349,"loc":{"start":{"line":349,"column":27},"end":{"line":349,"column":56}}},"33":{"name":"(anonymous_33)","line":360,"loc":{"start":{"line":360,"column":17},"end":{"line":360,"column":33}}},"34":{"name":"_setInfo","line":366,"loc":{"start":{"line":366,"column":2},"end":{"line":366,"column":30}}},"35":{"name":"(anonymous_35)","line":374,"loc":{"start":{"line":374,"column":68},"end":{"line":374,"column":92}}},"36":{"name":"(anonymous_36)","line":384,"loc":{"start":{"line":384,"column":18},"end":{"line":384,"column":38}}},"37":{"name":"(anonymous_37)","line":391,"loc":{"start":{"line":391,"column":15},"end":{"line":391,"column":28}}},"38":{"name":"(anonymous_38)","line":394,"loc":{"start":{"line":394,"column":44},"end":{"line":394,"column":58}}},"39":{"name":"(anonymous_39)","line":396,"loc":{"start":{"line":396,"column":20},"end":{"line":396,"column":41}}},"40":{"name":"(anonymous_40)","line":397,"loc":{"start":{"line":397,"column":32},"end":{"line":397,"column":46}}},"41":{"name":"(anonymous_41)","line":405,"loc":{"start":{"line":405,"column":17},"end":{"line":405,"column":35}}},"42":{"name":"(anonymous_42)","line":408,"loc":{"start":{"line":408,"column":18},"end":{"line":408,"column":37}}},"43":{"name":"(anonymous_43)","line":411,"loc":{"start":{"line":411,"column":16},"end":{"line":411,"column":34}}},"44":{"name":"(anonymous_44)","line":414,"loc":{"start":{"line":414,"column":25},"end":{"line":414,"column":45}}},"45":{"name":"(anonymous_45)","line":415,"loc":{"start":{"line":415,"column":28},"end":{"line":415,"column":47}}},"46":{"name":"(anonymous_46)","line":421,"loc":{"start":{"line":421,"column":79},"end":{"line":421,"column":99}}},"47":{"name":"(anonymous_47)","line":426,"loc":{"start":{"line":426,"column":62},"end":{"line":426,"column":82}}},"48":{"name":"(anonymous_48)","line":432,"loc":{"start":{"line":432,"column":13},"end":{"line":432,"column":25}}},"49":{"name":"(anonymous_49)","line":436,"loc":{"start":{"line":436,"column":22},"end":{"line":436,"column":43}}},"50":{"name":"(anonymous_50)","line":447,"loc":{"start":{"line":447,"column":7},"end":{"line":447,"column":28}}},"51":{"name":"(anonymous_51)","line":449,"loc":{"start":{"line":449,"column":20},"end":{"line":449,"column":35}}},"52":{"name":"(anonymous_52)","line":457,"loc":{"start":{"line":457,"column":21},"end":{"line":457,"column":55}}},"53":{"name":"(anonymous_53)","line":460,"loc":{"start":{"line":460,"column":28},"end":{"line":460,"column":42}}},"54":{"name":"(anonymous_54)","line":479,"loc":{"start":{"line":479,"column":21},"end":{"line":479,"column":37}}},"55":{"name":"(anonymous_55)","line":486,"loc":{"start":{"line":486,"column":14},"end":{"line":486,"column":28}}},"56":{"name":"(anonymous_56)","line":496,"loc":{"start":{"line":496,"column":35},"end":{"line":496,"column":49}}},"57":{"name":"(anonymous_57)","line":503,"loc":{"start":{"line":503,"column":13},"end":{"line":503,"column":27}}},"58":{"name":"(anonymous_58)","line":508,"loc":{"start":{"line":508,"column":22},"end":{"line":508,"column":65}}},"59":{"name":"init","line":511,"loc":{"start":{"line":511,"column":2},"end":{"line":511,"column":18}}},"60":{"name":"(anonymous_60)","line":519,"loc":{"start":{"line":519,"column":19},"end":{"line":519,"column":35}}},"61":{"name":"(anonymous_61)","line":526,"loc":{"start":{"line":526,"column":38},"end":{"line":526,"column":54}}},"62":{"name":"(anonymous_62)","line":548,"loc":{"start":{"line":548,"column":18},"end":{"line":548,"column":42}}},"63":{"name":"(anonymous_63)","line":553,"loc":{"start":{"line":553,"column":21},"end":{"line":553,"column":32}}},"64":{"name":"(anonymous_64)","line":559,"loc":{"start":{"line":559,"column":33},"end":{"line":559,"column":43}}},"65":{"name":"(anonymous_65)","line":562,"loc":{"start":{"line":562,"column":33},"end":{"line":562,"column":46}}},"66":{"name":"(anonymous_66)","line":582,"loc":{"start":{"line":582,"column":35},"end":{"line":582,"column":46}}},"67":{"name":"(anonymous_67)","line":585,"loc":{"start":{"line":585,"column":35},"end":{"line":585,"column":48}}},"68":{"name":"(anonymous_68)","line":596,"loc":{"start":{"line":596,"column":40},"end":{"line":596,"column":51}}},"69":{"name":"(anonymous_69)","line":599,"loc":{"start":{"line":599,"column":40},"end":{"line":599,"column":54}}},"70":{"name":"(anonymous_70)","line":611,"loc":{"start":{"line":611,"column":40},"end":{"line":611,"column":51}}},"71":{"name":"(anonymous_71)","line":615,"loc":{"start":{"line":615,"column":14},"end":{"line":615,"column":27}}},"72":{"name":"(anonymous_72)","line":626,"loc":{"start":{"line":626,"column":74},"end":{"line":626,"column":98}}},"73":{"name":"(anonymous_73)","line":633,"loc":{"start":{"line":633,"column":13},"end":{"line":633,"column":26}}},"74":{"name":"(anonymous_74)","line":644,"loc":{"start":{"line":644,"column":17},"end":{"line":644,"column":31}}},"75":{"name":"(anonymous_75)","line":649,"loc":{"start":{"line":649,"column":19},"end":{"line":649,"column":32}}},"76":{"name":"(anonymous_76)","line":656,"loc":{"start":{"line":656,"column":24},"end":{"line":656,"column":37}}}},"statementMap":{"1":{"start":{"line":1,"column":0},"end":{"line":1,"column":29}},"2":{"start":{"line":2,"column":0},"end":{"line":2,"column":33}},"3":{"start":{"line":3,"column":0},"end":{"line":3,"column":31}},"4":{"start":{"line":4,"column":0},"end":{"line":4,"column":27}},"5":{"start":{"line":5,"column":0},"end":{"line":5,"column":41}},"6":{"start":{"line":6,"column":0},"end":{"line":6,"column":26}},"7":{"start":{"line":7,"column":0},"end":{"line":7,"column":48}},"8":{"start":{"line":9,"column":0},"end":{"line":9,"column":63}},"9":{"start":{"line":10,"column":0},"end":{"line":10,"column":66}},"10":{"start":{"line":12,"column":0},"end":{"line":12,"column":72}},"11":{"start":{"line":16,"column":0},"end":{"line":346,"column":2}},"12":{"start":{"line":17,"column":2},"end":{"line":17,"column":18}},"13":{"start":{"line":18,"column":2},"end":{"line":18,"column":25}},"14":{"start":{"line":19,"column":2},"end":{"line":19,"column":28}},"15":{"start":{"line":20,"column":2},"end":{"line":20,"column":28}},"16":{"start":{"line":22,"column":2},"end":{"line":22,"column":30}},"17":{"start":{"line":24,"column":2},"end":{"line":24,"column":37}},"18":{"start":{"line":25,"column":2},"end":{"line":25,"column":17}},"19":{"start":{"line":27,"column":2},"end":{"line":27,"column":26}},"20":{"start":{"line":29,"column":2},"end":{"line":34,"column":5}},"21":{"start":{"line":36,"column":2},"end":{"line":38,"column":3}},"22":{"start":{"line":37,"column":4},"end":{"line":37,"column":53}},"23":{"start":{"line":41,"column":2},"end":{"line":41,"column":34}},"24":{"start":{"line":45,"column":2},"end":{"line":48,"column":3}},"25":{"start":{"line":46,"column":4},"end":{"line":46,"column":54}},"26":{"start":{"line":46,"column":34},"end":{"line":46,"column":54}},"27":{"start":{"line":47,"column":4},"end":{"line":47,"column":36}},"28":{"start":{"line":52,"column":2},"end":{"line":54,"column":3}},"29":{"start":{"line":53,"column":4},"end":{"line":53,"column":142}},"30":{"start":{"line":56,"column":2},"end":{"line":66,"column":3}},"31":{"start":{"line":57,"column":4},"end":{"line":63,"column":5}},"32":{"start":{"line":58,"column":6},"end":{"line":62,"column":7}},"33":{"start":{"line":59,"column":8},"end":{"line":59,"column":31}},"34":{"start":{"line":61,"column":8},"end":{"line":61,"column":23}},"35":{"start":{"line":64,"column":4},"end":{"line":64,"column":107}},"36":{"start":{"line":65,"column":4},"end":{"line":65,"column":21}},"37":{"start":{"line":68,"column":2},"end":{"line":79,"column":3}},"38":{"start":{"line":69,"column":4},"end":{"line":69,"column":22}},"39":{"start":{"line":70,"column":4},"end":{"line":78,"column":7}},"40":{"start":{"line":71,"column":6},"end":{"line":71,"column":30}},"41":{"start":{"line":71,"column":15},"end":{"line":71,"column":30}},"42":{"start":{"line":72,"column":6},"end":{"line":76,"column":9}},"43":{"start":{"line":77,"column":6},"end":{"line":77,"column":10}},"44":{"start":{"line":81,"column":2},"end":{"line":83,"column":3}},"45":{"start":{"line":82,"column":4},"end":{"line":82,"column":25}},"46":{"start":{"line":86,"column":2},"end":{"line":94,"column":3}},"47":{"start":{"line":87,"column":4},"end":{"line":87,"column":23}},"48":{"start":{"line":88,"column":4},"end":{"line":90,"column":5}},"49":{"start":{"line":89,"column":6},"end":{"line":89,"column":54}},"50":{"start":{"line":91,"column":4},"end":{"line":93,"column":5}},"51":{"start":{"line":92,"column":6},"end":{"line":92,"column":51}},"52":{"start":{"line":97,"column":2},"end":{"line":175,"column":3}},"53":{"start":{"line":98,"column":4},"end":{"line":98,"column":12}},"54":{"start":{"line":99,"column":4},"end":{"line":99,"column":21}},"55":{"start":{"line":100,"column":4},"end":{"line":100,"column":32}},"56":{"start":{"line":100,"column":14},"end":{"line":100,"column":32}},"57":{"start":{"line":101,"column":4},"end":{"line":108,"column":5}},"58":{"start":{"line":103,"column":6},"end":{"line":103,"column":23}},"59":{"start":{"line":104,"column":11},"end":{"line":108,"column":5}},"60":{"start":{"line":106,"column":6},"end":{"line":106,"column":48}},"61":{"start":{"line":107,"column":6},"end":{"line":107,"column":51}},"62":{"start":{"line":110,"column":4},"end":{"line":174,"column":7}},"63":{"start":{"line":112,"column":8},"end":{"line":112,"column":46}},"64":{"start":{"line":112,"column":32},"end":{"line":112,"column":46}},"65":{"start":{"line":114,"column":8},"end":{"line":114,"column":61}},"66":{"start":{"line":114,"column":47},"end":{"line":114,"column":61}},"67":{"start":{"line":115,"column":8},"end":{"line":115,"column":27}},"68":{"start":{"line":118,"column":8},"end":{"line":124,"column":9}},"69":{"start":{"line":119,"column":10},"end":{"line":123,"column":11}},"70":{"start":{"line":120,"column":12},"end":{"line":120,"column":69}},"71":{"start":{"line":122,"column":12},"end":{"line":122,"column":73}},"72":{"start":{"line":126,"column":8},"end":{"line":126,"column":41}},"73":{"start":{"line":128,"column":8},"end":{"line":130,"column":9}},"74":{"start":{"line":129,"column":10},"end":{"line":129,"column":59}},"75":{"start":{"line":132,"column":8},"end":{"line":134,"column":9}},"76":{"start":{"line":133,"column":10},"end":{"line":133,"column":36}},"77":{"start":{"line":136,"column":8},"end":{"line":143,"column":9}},"78":{"start":{"line":137,"column":10},"end":{"line":137,"column":67}},"79":{"start":{"line":139,"column":10},"end":{"line":139,"column":44}},"80":{"start":{"line":140,"column":10},"end":{"line":140,"column":44}},"81":{"start":{"line":141,"column":10},"end":{"line":141,"column":44}},"82":{"start":{"line":142,"column":10},"end":{"line":142,"column":23}},"83":{"start":{"line":145,"column":8},"end":{"line":172,"column":10}},"84":{"start":{"line":151,"column":10},"end":{"line":160,"column":11}},"85":{"start":{"line":152,"column":12},"end":{"line":152,"column":29}},"86":{"start":{"line":153,"column":17},"end":{"line":160,"column":11}},"87":{"start":{"line":154,"column":12},"end":{"line":154,"column":64}},"88":{"start":{"line":155,"column":17},"end":{"line":160,"column":11}},"89":{"start":{"line":156,"column":12},"end":{"line":156,"column":97}},"90":{"start":{"line":157,"column":12},"end":{"line":157,"column":128}},"91":{"start":{"line":158,"column":17},"end":{"line":160,"column":11}},"92":{"start":{"line":159,"column":12},"end":{"line":159,"column":188}},"93":{"start":{"line":163,"column":10},"end":{"line":171,"column":11}},"94":{"start":{"line":164,"column":12},"end":{"line":167,"column":15}},"95":{"start":{"line":165,"column":14},"end":{"line":165,"column":42}},"96":{"start":{"line":165,"column":25},"end":{"line":165,"column":42}},"97":{"start":{"line":166,"column":14},"end":{"line":166,"column":39}},"98":{"start":{"line":169,"column":12},"end":{"line":170,"column":34}},"99":{"start":{"line":169,"column":23},"end":{"line":169,"column":33}},"100":{"start":{"line":170,"column":17},"end":{"line":170,"column":34}},"101":{"start":{"line":180,"column":2},"end":{"line":201,"column":3}},"102":{"start":{"line":181,"column":4},"end":{"line":200,"column":7}},"103":{"start":{"line":182,"column":6},"end":{"line":182,"column":34}},"104":{"start":{"line":182,"column":17},"end":{"line":182,"column":34}},"105":{"start":{"line":183,"column":6},"end":{"line":185,"column":7}},"106":{"start":{"line":184,"column":8},"end":{"line":184,"column":59}},"107":{"start":{"line":186,"column":6},"end":{"line":192,"column":7}},"108":{"start":{"line":193,"column":6},"end":{"line":193,"column":46}},"109":{"start":{"line":194,"column":6},"end":{"line":196,"column":9}},"110":{"start":{"line":195,"column":8},"end":{"line":195,"column":77}},"111":{"start":{"line":197,"column":6},"end":{"line":197,"column":26}},"112":{"start":{"line":198,"column":6},"end":{"line":198,"column":43}},"113":{"start":{"line":199,"column":6},"end":{"line":199,"column":26}},"114":{"start":{"line":205,"column":2},"end":{"line":247,"column":3}},"115":{"start":{"line":207,"column":4},"end":{"line":210,"column":5}},"116":{"start":{"line":208,"column":6},"end":{"line":208,"column":16}},"117":{"start":{"line":209,"column":6},"end":{"line":209,"column":16}},"118":{"start":{"line":212,"column":4},"end":{"line":212,"column":22}},"119":{"start":{"line":214,"column":4},"end":{"line":214,"column":73}},"120":{"start":{"line":214,"column":30},"end":{"line":214,"column":73}},"121":{"start":{"line":216,"column":4},"end":{"line":220,"column":6}},"122":{"start":{"line":222,"column":4},"end":{"line":222,"column":44}},"123":{"start":{"line":225,"column":4},"end":{"line":227,"column":5}},"124":{"start":{"line":226,"column":6},"end":{"line":226,"column":42}},"125":{"start":{"line":229,"column":4},"end":{"line":235,"column":31}},"126":{"start":{"line":237,"column":4},"end":{"line":246,"column":7}},"127":{"start":{"line":238,"column":6},"end":{"line":238,"column":34}},"128":{"start":{"line":238,"column":17},"end":{"line":238,"column":34}},"129":{"start":{"line":240,"column":6},"end":{"line":240,"column":57}},"130":{"start":{"line":241,"column":6},"end":{"line":241,"column":46}},"131":{"start":{"line":242,"column":6},"end":{"line":242,"column":34}},"132":{"start":{"line":243,"column":6},"end":{"line":245,"column":8}},"133":{"start":{"line":244,"column":8},"end":{"line":244,"column":23}},"134":{"start":{"line":249,"column":2},"end":{"line":252,"column":3}},"135":{"start":{"line":250,"column":4},"end":{"line":250,"column":73}},"136":{"start":{"line":250,"column":30},"end":{"line":250,"column":73}},"137":{"start":{"line":251,"column":4},"end":{"line":251,"column":79}},"138":{"start":{"line":254,"column":2},"end":{"line":305,"column":3}},"139":{"start":{"line":258,"column":4},"end":{"line":261,"column":5}},"140":{"start":{"line":259,"column":6},"end":{"line":259,"column":16}},"141":{"start":{"line":260,"column":6},"end":{"line":260,"column":16}},"142":{"start":{"line":264,"column":4},"end":{"line":264,"column":19}},"143":{"start":{"line":266,"column":4},"end":{"line":267,"column":61}},"144":{"start":{"line":266,"column":23},"end":{"line":266,"column":58}},"145":{"start":{"line":267,"column":9},"end":{"line":267,"column":61}},"146":{"start":{"line":267,"column":27},"end":{"line":267,"column":61}},"147":{"start":{"line":269,"column":4},"end":{"line":270,"column":57}},"148":{"start":{"line":269,"column":22},"end":{"line":269,"column":56}},"149":{"start":{"line":270,"column":9},"end":{"line":270,"column":57}},"150":{"start":{"line":270,"column":25},"end":{"line":270,"column":57}},"151":{"start":{"line":272,"column":4},"end":{"line":272,"column":56}},"152":{"start":{"line":272,"column":24},"end":{"line":272,"column":56}},"153":{"start":{"line":273,"column":4},"end":{"line":273,"column":50}},"154":{"start":{"line":273,"column":24},"end":{"line":273,"column":50}},"155":{"start":{"line":274,"column":4},"end":{"line":274,"column":47}},"156":{"start":{"line":274,"column":22},"end":{"line":274,"column":47}},"157":{"start":{"line":276,"column":4},"end":{"line":304,"column":7}},"158":{"start":{"line":277,"column":6},"end":{"line":277,"column":34}},"159":{"start":{"line":277,"column":17},"end":{"line":277,"column":34}},"160":{"start":{"line":278,"column":6},"end":{"line":280,"column":7}},"161":{"start":{"line":279,"column":8},"end":{"line":279,"column":59}},"162":{"start":{"line":284,"column":6},"end":{"line":284,"column":70}},"163":{"start":{"line":288,"column":6},"end":{"line":288,"column":39}},"164":{"start":{"line":289,"column":6},"end":{"line":289,"column":35}},"165":{"start":{"line":290,"column":6},"end":{"line":292,"column":13}},"166":{"start":{"line":291,"column":8},"end":{"line":291,"column":39}},"167":{"start":{"line":293,"column":6},"end":{"line":295,"column":9}},"168":{"start":{"line":294,"column":8},"end":{"line":294,"column":64}},"169":{"start":{"line":297,"column":6},"end":{"line":297,"column":20}},"170":{"start":{"line":298,"column":6},"end":{"line":298,"column":45}},"171":{"start":{"line":299,"column":6},"end":{"line":299,"column":14}},"172":{"start":{"line":300,"column":6},"end":{"line":302,"column":9}},"173":{"start":{"line":301,"column":8},"end":{"line":301,"column":78}},"174":{"start":{"line":303,"column":6},"end":{"line":303,"column":21}},"175":{"start":{"line":307,"column":2},"end":{"line":316,"column":3}},"176":{"start":{"line":308,"column":4},"end":{"line":308,"column":137}},"177":{"start":{"line":309,"column":4},"end":{"line":313,"column":7}},"178":{"start":{"line":310,"column":6},"end":{"line":312,"column":7}},"179":{"start":{"line":311,"column":8},"end":{"line":311,"column":131}},"180":{"start":{"line":314,"column":4},"end":{"line":314,"column":27}},"181":{"start":{"line":315,"column":4},"end":{"line":315,"column":81}},"182":{"start":{"line":318,"column":2},"end":{"line":345,"column":3}},"183":{"start":{"line":320,"column":4},"end":{"line":323,"column":5}},"184":{"start":{"line":321,"column":6},"end":{"line":321,"column":16}},"185":{"start":{"line":322,"column":6},"end":{"line":322,"column":16}},"186":{"start":{"line":327,"column":4},"end":{"line":327,"column":35}},"187":{"start":{"line":330,"column":4},"end":{"line":344,"column":7}},"188":{"start":{"line":331,"column":6},"end":{"line":331,"column":30}},"189":{"start":{"line":331,"column":15},"end":{"line":331,"column":30}},"190":{"start":{"line":332,"column":6},"end":{"line":334,"column":7}},"191":{"start":{"line":333,"column":8},"end":{"line":333,"column":60}},"192":{"start":{"line":336,"column":6},"end":{"line":336,"column":21}},"193":{"start":{"line":337,"column":6},"end":{"line":337,"column":46}},"194":{"start":{"line":338,"column":6},"end":{"line":338,"column":16}},"195":{"start":{"line":339,"column":6},"end":{"line":341,"column":9}},"196":{"start":{"line":340,"column":8},"end":{"line":340,"column":75}},"197":{"start":{"line":343,"column":6},"end":{"line":343,"column":24}},"198":{"start":{"line":349,"column":0},"end":{"line":455,"column":1}},"199":{"start":{"line":350,"column":2},"end":{"line":350,"column":18}},"200":{"start":{"line":352,"column":2},"end":{"line":352,"column":21}},"201":{"start":{"line":353,"column":2},"end":{"line":353,"column":62}},"202":{"start":{"line":354,"column":2},"end":{"line":354,"column":26}},"203":{"start":{"line":355,"column":2},"end":{"line":355,"column":48}},"204":{"start":{"line":356,"column":2},"end":{"line":356,"column":48}},"205":{"start":{"line":358,"column":2},"end":{"line":358,"column":22}},"206":{"start":{"line":359,"column":2},"end":{"line":359,"column":34}},"207":{"start":{"line":360,"column":2},"end":{"line":362,"column":5}},"208":{"start":{"line":361,"column":4},"end":{"line":361,"column":59}},"209":{"start":{"line":363,"column":2},"end":{"line":363,"column":100}},"210":{"start":{"line":364,"column":2},"end":{"line":364,"column":65}},"211":{"start":{"line":366,"column":2},"end":{"line":381,"column":3}},"212":{"start":{"line":367,"column":4},"end":{"line":367,"column":22}},"213":{"start":{"line":368,"column":4},"end":{"line":373,"column":19}},"214":{"start":{"line":374,"column":4},"end":{"line":380,"column":7}},"215":{"start":{"line":375,"column":6},"end":{"line":375,"column":30}},"216":{"start":{"line":375,"column":15},"end":{"line":375,"column":30}},"217":{"start":{"line":376,"column":6},"end":{"line":376,"column":34}},"218":{"start":{"line":377,"column":6},"end":{"line":377,"column":56}},"219":{"start":{"line":378,"column":6},"end":{"line":378,"column":56}},"220":{"start":{"line":379,"column":6},"end":{"line":379,"column":11}},"221":{"start":{"line":383,"column":2},"end":{"line":383,"column":25}},"222":{"start":{"line":384,"column":2},"end":{"line":386,"column":3}},"223":{"start":{"line":385,"column":4},"end":{"line":385,"column":33}},"224":{"start":{"line":391,"column":2},"end":{"line":403,"column":3}},"225":{"start":{"line":392,"column":4},"end":{"line":392,"column":29}},"226":{"start":{"line":393,"column":4},"end":{"line":393,"column":29}},"227":{"start":{"line":394,"column":4},"end":{"line":402,"column":7}},"228":{"start":{"line":395,"column":6},"end":{"line":395,"column":30}},"229":{"start":{"line":395,"column":15},"end":{"line":395,"column":30}},"230":{"start":{"line":396,"column":6},"end":{"line":401,"column":8}},"231":{"start":{"line":397,"column":8},"end":{"line":400,"column":11}},"232":{"start":{"line":398,"column":10},"end":{"line":398,"column":34}},"233":{"start":{"line":398,"column":19},"end":{"line":398,"column":34}},"234":{"start":{"line":399,"column":10},"end":{"line":399,"column":60}},"235":{"start":{"line":405,"column":2},"end":{"line":407,"column":3}},"236":{"start":{"line":406,"column":4},"end":{"line":406,"column":43}},"237":{"start":{"line":408,"column":2},"end":{"line":410,"column":3}},"238":{"start":{"line":409,"column":4},"end":{"line":409,"column":44}},"239":{"start":{"line":411,"column":2},"end":{"line":413,"column":3}},"240":{"start":{"line":412,"column":4},"end":{"line":412,"column":42}},"241":{"start":{"line":414,"column":2},"end":{"line":431,"column":3}},"242":{"start":{"line":415,"column":4},"end":{"line":418,"column":7}},"243":{"start":{"line":416,"column":6},"end":{"line":416,"column":30}},"244":{"start":{"line":417,"column":6},"end":{"line":417,"column":417}},"245":{"start":{"line":419,"column":4},"end":{"line":419,"colum
[...]
eet#a-note-on-authentication for details)\"));","          }","","","          if ( body ){","            xml_parser.parseString(body, function(err, result){","              if ( err ) return cb( err );","              cb( null, result, body );","            });","          } else {","            if ( err ) cb( err );","            else cb( null, true );","          }","        })","      }","    });","  }","","","","  // public API methods","  this.getInfo = function( cb ){","    self.makeFeedRequest( [\"worksheets\", ss_key], 'GET', null, function(err, data, xml) {","      if ( err ) return cb( err );","      if (data===true) {","        return cb(new Error('No response to getInfo call'))","      }","      var ss_data = {","        id: data.id,","        title: data.title,","        updated: data.updated,","        author: data.author,","        worksheets: []","      }","      var worksheets = forceArray(data.entry);","      worksheets.forEach( function( ws_data ) {","        ss_data.worksheets.push( new SpreadsheetWorksheet( self, ws_data ) );","      });","      self.info = ss_data;","      self.worksheets = ss_data.worksheets;","      cb( null, ss_data );","    });","  }","","  // NOTE: worksheet IDs start at 1","","  this.addWorksheet = function( opts, cb ) {","    // make opts optional","    if (typeof opts == 'function'){","      cb = opts;","      opts = {};","    }","","    cb = cb || _.noop;","","    if (!this.isAuthActive()) return cb(new Error(REQUIRE_AUTH_MESSAGE));","","    var defaults = {","      title: 'Worksheet '+(+new Date()),  // need a unique title","      rowCount: 50,","      colCount: 20","    };","","    var opts = _.extend({}, defaults, opts);","","    // if column headers are set, make sure the sheet is big enough for them","    if (opts.headers && opts.headers.length > opts.colCount) {","      opts.colCount = opts.headers.length;","    }","","    var data_xml = '<entry xmlns=\"http://www.w3.org/2005/Atom\" xmlns:gs=\"http://schemas.google.com/spreadsheets/2006\"><title>' +","        opts.title +","      '</title><gs:rowCount>' +","        opts.rowCount +","      '</gs:rowCount><gs:colCount>' +","        opts.colCount +","      '</gs:colCount></entry>';","","    self.makeFeedRequest( [\"worksheets\", ss_key], 'POST', data_xml, function(err, data, xml) {","      if ( err ) return cb( err );","","      var sheet = new SpreadsheetWorksheet( self, data );","      self.worksheets = self.worksheets || [];","      self.worksheets.push(sheet);","      sheet.setHeaderRow(opts.headers, function(err) {","        cb(err, sheet);","      })","    });","  }","","  this.removeWorksheet = function ( worksheet_id, cb ){","    if (!this.isAuthActive()) return cb(new Error(REQUIRE_AUTH_MESSAGE));","    self.makeFeedRequest( [\"worksheets\", ss_key, worksheet_id], 'DELETE', cb );","  }","","  this.getRows = function( worksheet_id, opts, cb ){","    // the first row is used as titles/keys and is not included","","    // opts is optional","    if ( typeof( opts ) == 'function' ){","      cb = opts;","      opts = {};","    }","","","    var query  = {}","","    if ( opts.offset ) query[\"start-index\"] = opts.offset;","    else if ( opts.start ) query[\"start-index\"] = opts.start;","","    if ( opts.limit ) query[\"max-results\"] = opts.limit;","    else if ( opts.num ) query[\"max-results\"] = opts.num;","","    if ( opts.orderby ) query[\"orderby\"] = opts.orderby;","    if ( opts.reverse ) query[\"reverse\"] = 'true';","    if ( opts.query ) query['sq'] = opts.query;","","    self.makeFeedRequest( [\"list\", ss_key, worksheet_id], 'GET', query, function(err, data, xml) {","      if ( err ) return cb( err );","      if (data===true) {","        return cb(new Error('No response to getRows call'))","      }","","      // gets the raw xml for each entry -- this is passed to the row object so we can do updates on it later","","      var entries_xml = xml.match(/<entry[^>]*>([\\s\\S]*?)<\\/entry>/g);","","","      // need to add the properties from the feed to the xml for the entries","      var feed_props = _.clone(data.$);","      delete feed_props['gd:etag'];","      var feed_props_str = _.reduce(feed_props, function(str, val, key){","        return str+key+'=\\''+val+'\\' ';","      }, '');","      entries_xml = _.map(entries_xml, function(xml){","        return xml.replace('<entry ', '<entry '+feed_props_str);","      });","","      var rows = [];","      var entries = forceArray( data.entry );","      var i=0;","      entries.forEach( function( row_data ) {","        rows.push( new SpreadsheetRow( self, row_data, entries_xml[ i++ ] ) );","      });","      cb(null, rows);","    });","  }","","  this.addRow = function( worksheet_id, data, cb ){","    var data_xml = '<entry xmlns=\"http://www.w3.org/2005/Atom\" xmlns:gsx=\"http://schemas.google.com/spreadsheets/2006/extended\">' + \"\\n\";","    Object.keys(data).forEach(function(key) {","      if (key != 'id' && key != 'title' && key != 'content' && key != '_links'){","        data_xml += '<gsx:'+ xmlSafeColumnName(key) + '>' + xmlSafeValue(data[key]) + '</gsx:'+ xmlSafeColumnName(key) + '>' + \"\\n\"","      }","    });","    data_xml += '</entry>';","    self.makeFeedRequest( [\"list\", ss_key, worksheet_id], 'POST', data_xml, cb );","  }","","  this.getCells = function (worksheet_id, opts, cb) {","    // opts is optional","    if (typeof( opts ) == 'function') {","      cb = opts;","      opts = {};","    }","","    // Supported options are:","    // min-row, max-row, min-col, max-col, return-empty","    var query = _.assign({}, opts);","","","    self.makeFeedRequest([\"cells\", ss_key, worksheet_id], 'GET', query, function (err, data, xml) {","      if (err) return cb(err);","      if (data===true) {","        return cb(new Error('No response to getCells call'))","      }","","      var cells = [];","      var entries = forceArray(data['entry']);","      var i = 0;","      entries.forEach(function( cell_data ){","        cells.push( new SpreadsheetCell( self, worksheet_id, cell_data ) );","      });","","      cb( null, cells );","    });","  }","};","","// Classes","var SpreadsheetWorksheet = function( spreadsheet, data ){","  var self = this;","","  self.url = data.id;","  self.id = data.id.substring( data.id.lastIndexOf(\"/\") + 1 );","  self.title = data.title;","  self.rowCount = parseInt(data['gs:rowCount']);","  self.colCount = parseInt(data['gs:colCount']);","","  self['_links'] = [];","  links = forceArray( data.link );","  links.forEach( function( link ){","    self['_links'][ link['$']['rel'] ] = link['$']['href'];","  });","  self['_links']['cells'] = self['_links']['http://schemas.google.com/spreadsheets/2006#cellsfeed'];","  self['_links']['bulkcells'] = self['_links']['cells']+'/batch';","","  function _setInfo(opts, cb) {","    cb = cb || _.noop;","    var xml = ''","      + '<entry xmlns=\"http://www.w3.org/2005/Atom\" xmlns:gs=\"http://schemas.google.com/spreadsheets/2006\">'","      + '<title>'+(opts.title || self.title)+'</title>'","      + '<gs:rowCount>'+(opts.rowCount || self.rowCount)+'</gs:rowCount>'","      + '<gs:colCount>'+(opts.colCount || self.colCount)+'</gs:colCount>'","      + '</entry>';","    spreadsheet.makeFeedRequest(self['_links']['edit'], 'PUT', xml, function(err, response) {","      if (err) return cb(err);","      self.title = response.title;","      self.rowCount = parseInt(response['gs:rowCount']);","      self.colCount = parseInt(response['gs:colCount']);","      cb();","    });","  }","","  this.resize = _setInfo;","  this.setTitle = function(title, cb) {","    _setInfo({title: title}, cb);","  }","","","  // just a convenience method to clear the whole sheet","  // resizes to 1 cell, clears the cell, and puts it back","  this.clear = function(cb) {","    var cols = self.colCount;","    var rows = self.colCount;","    self.resize({rowCount: 1, colCount: 1}, function(err) {","      if (err) return cb(err);","      self.getCells(function(err, cells) {","        cells[0].setValue(null, function(err) {","          if (err) return cb(err);","          self.resize({rowCount: rows, colCount: cols}, cb);","        });","      })","    });","  }","","  this.getRows = function(opts, cb){","    spreadsheet.getRows(self.id, opts, cb);","  }","  this.getCells = function(opts, cb) {","    spreadsheet.getCells(self.id, opts, cb);","  }","  this.addRow = function(data, cb){","    spreadsheet.addRow(self.id, data, cb);","  }","  this.bulkUpdateCells = function(cells, cb) {","    var entries = cells.map(function (cell, i) {","      cell._needsSave = false;","      return \"<entry>\\n        <batch:id>\" + cell.batchId + \"</batch:id>\\n        <batch:operation type=\\\"update\\\"/>\\n        <id>\" + self['_links']['cells']+'/'+cell.batchId + \"</id>\\n        <link rel=\\\"edit\\\" type=\\\"application/atom+xml\\\"\\n          href=\\\"\" + cell._links.edit + \"\\\"/>\\n        <gs:cell row=\\\"\" + cell.row + \"\\\" col=\\\"\" + cell.col + \"\\\" inputValue=\\\"\" + cell.valueForSave + \"\\\"/>\\n      </entry>\";","    });","    var data_xml = \"<feed xmlns=\\\"http://www.w3.org/2005/Atom\\\"\\n      xmlns:batch=\\\"http://schemas.google.com/gdata/batch\\\"\\n      xmlns:gs=\\\"http://schemas.google.com/spreadsheets/2006\\\">\\n      <id>\" + self['_links']['cells'] + \"</id>\\n      \" + entries.join(\"\\n\") + \"\\n    </feed>\";","","    spreadsheet.makeFeedRequest(self['_links']['bulkcells'], 'POST', data_xml, function(err, data) {","      if (err) return cb(err);","","      // update all the cells","      var cells_by_batch_id = _.indexBy(cells, 'batchId');","      if (data.entry && data.entry.length) data.entry.forEach(function(cell_data) {","        cells_by_batch_id[cell_data['batch:id']].updateValuesFromResponseData(cell_data);","      });","      cb();","    });","  }","  this.del = function(cb){","    spreadsheet.makeFeedRequest(self['_links']['edit'], 'DELETE', null, cb);","  }","","  this.setHeaderRow = function(values, cb) {","    if (!values) return cb();","    if (values.length > self.colCount){","      return cb(new Error('Sheet is not large enough to fit '+values.length+' columns. Resize the sheet first.'));","    }","    self.getCells({","      'min-row': 1,","      'max-row': 1,","      'min-col': 1,","      'max-col': self.colCount,","      'return-empty': true","    }, function(err, cells) {","      if (err) return cb(err);","      _.each(cells, function(cell) {","        cell.value = values[cell.col-1] ? values[cell.col-1] : '';","      });","      self.bulkUpdateCells(cells, cb);","    });","  }","}","","var SpreadsheetRow = function( spreadsheet, data, xml ){","  var self = this;","  self['_xml'] = xml;","  Object.keys(data).forEach(function(key) {","    var val = data[key];","    if(key.substring(0, 4) === \"gsx:\") {","      if(typeof val === 'object' && Object.keys(val).length === 0) {","        val = null;","      }","      if (key == \"gsx:\") {","        self[key.substring(0, 3)] = val;","      } else {","        self[key.substring(4)] = val;","      }","    } else {","      if (key == \"id\") {","        self[key] = val;","      } else if (val['_']) {","        self[key] = val['_'];","      } else if ( key == 'link' ){","        self['_links'] = [];","        val = forceArray( val );","        val.forEach( function( link ){","          self['_links'][ link['$']['rel'] ] = link['$']['href'];","        });","      }","    }","  }, this);","","  self.save = function( cb ){","    /*","    API for edits is very strict with the XML it accepts","    So we just do a find replace on the original XML.","    It's dumb, but I couldnt get any JSON->XML conversion to work reliably","    */","","    var data_xml = self['_xml'];","    // probably should make this part more robust?","    data_xml = data_xml.replace('<entry>', \"<entry xmlns='http://www.w3.org/2005/Atom' xmlns:gsx='http://schemas.google.com/spreadsheets/2006/extended'>\");","      Object.keys( self ).forEach( function(key) {","        if (key.substr(0,1) != '_' && typeof( self[key] == 'string') ){","          data_xml = data_xml.replace( new RegExp('<gsx:'+xmlSafeColumnName(key)+\">([\\\\s\\\\S]*?)</gsx:\"+xmlSafeColumnName(key)+'>'), '<gsx:'+xmlSafeColumnName(key)+'>'+ xmlSafeValue(self[key]) +'</gsx:'+xmlSafeColumnName(key)+'>');","        }","    });","    spreadsheet.makeFeedRequest( self['_links']['edit'], 'PUT', data_xml, cb );","  }","  self.del = function( cb ){","    spreadsheet.makeFeedRequest( self['_links']['edit'], 'DELETE', null, cb );","  }","}","","var SpreadsheetCell = function( spreadsheet, worksheet_id, data ){","  var self = this;","","  function init() {","    self.id = data['id'];","    self.row = parseInt(data['gs:cell']['$']['row']);","    self.col = parseInt(data['gs:cell']['$']['col']);","    self.batchId = 'R'+self.row+'C'+self.col;","","    self['_links'] = [];","    links = forceArray( data.link );","    links.forEach( function( link ){","      self['_links'][ link['$']['rel'] ] = link['$']['href'];","    });","","    self.updateValuesFromResponseData(data);","  }","","  self.updateValuesFromResponseData = function(_data) {","    // formula value","    var input_val = _data['gs:cell']['$']['inputValue'];","    // inputValue can be undefined so substr throws an error","    // still unsure how this situation happens","    if (input_val && input_val.substr(0,1) === '='){","      self._formula = input_val;","    } else {","      self._formula = undefined;","    }","","    // numeric values","    if (_data['gs:cell']['$']['numericValue'] !== undefined) {","      self._numericValue = parseFloat(_data['gs:cell']['$']['numericValue']);","    } else {","      self._numericValue = undefined;","    }","","    // the main \"value\" - its always a string","    self._value = _data['gs:cell']['_'] || '';","  }","","  self.setValue = function(new_value, cb) {","    self.value = new_value;","    self.save(cb);","  };","","  self._clearValue = function() {","    self._formula = undefined;","    self._numericValue = undefined;","    self._value = '';","  }","","  self.__defineGetter__('value', function(){","    return self._value;","  });","  self.__defineSetter__('value', function(val){","    if (!val) return self._clearValue();","","    var numeric_val = parseFloat(val);","    if (!isNaN(numeric_val)){","      self._numericValue = numeric_val;","      self._value = val.toString();","    } else {","      self._numericValue = undefined;","      self._value = val;","    }","","    if (typeof val == 'string' && val.substr(0,1) === '=') {","      // use the getter to clear the value","      self.formula = val;","    } else {","      self._formula = undefined;","    }","  });","","  self.__defineGetter__('formula', function() {","    return self._formula;","  });","  self.__defineSetter__('formula', function(val){","    if (!val) return self._clearValue();","","    if (val.substr(0,1) !== '=') {","      throw new Error('Formulas must start with \"=\"');","    }","    self._numericValue = undefined;","    self._value = '*SAVE TO GET NEW VALUE*';","    self._formula = val;","  });","","  self.__defineGetter__('numericValue', function() {","    return self._numericValue;","  });","  self.__defineSetter__('numericValue', function(val) {","    if (val === undefined || val === null) return self._clearValue();","","    if (isNaN(parseFloat(val)) || !isFinite(val)) {","      throw new Error('Invalid numeric value assignment');","    }","","    self._value = val.toString();","    self._numericValue = parseFloat(val);","    self._formula = undefined;","  });","","  self.__defineGetter__('valueForSave', function() {","    return xmlSafeValue(self._formula || self._value);","  });","","  self.save = function(cb) {","    self._needsSave = false;","","    var edit_id = 'https://spreadsheets.google.com/feeds/cells/key/worksheetId/private/full/R'+self.row+'C'+self.col;","    var data_xml =","      '<entry><id>'+self.id+'</id>'+","      '<link rel=\"edit\" type=\"application/atom+xml\" href=\"'+self.id+'\"/>'+","      '<gs:cell row=\"'+self.row+'\" col=\"'+self.col+'\" inputValue=\"'+self.valueForSave+'\"/></entry>'","","    data_xml = data_xml.replace('<entry>', \"<entry xmlns='http://www.w3.org/2005/Atom' xmlns:gs='http://schemas.google.com/spreadsheets/2006'>\");","","    spreadsheet.makeFeedRequest( self['_links']['edit'], 'PUT', data_xml, function(err, response) {","      if (err) return cb(err);","      self.updateValuesFromResponseData(response);","      cb();","    });","  }","","  self.del = function(cb) {","    self.setValue('', cb);","  }","","  init();","  return self;","}","","module.exports = GoogleSpreadsheet;","","//utils","var forceArray = function(val) {","  if ( Array.isArray( val ) ) return val;","  if ( !val ) return [];","  return [ val ];","}","var xmlSafeValue = function(val){","  if ( val == null ) return '';","  return String(val).replace(/&/g, '&amp;')","      .replace(/</g, '&lt;')","      .replace(/>/g, '&gt;')","      .replace(/\"/g, '&quot;');","}","var xmlSafeColumnName = function(val){","  if (!val) return '';","  return String(val).replace(/[\\s_]+/g, '')","      .toLowerCase();","}","","","",""],"l":{"1":1,"2":1,"3":1,"4":1,"5":1,"6":1,"7":1,"9":1,"10":1,"12":1,"16":1,"17":0,"18":0,"19":0,"20":0,"22":0,"24":0,"25":0,"27":0,"29":0,"36":0,"37":0,"41":0,"45":0,"46":0,"47":0,"52":0,"53":0,"56":0,"57":0,"58":0,"59":0,"61":0,"64":0,"65":0,"68":1,"69":0,"70":0,"71":0,"72":0,"77":0,"81":0,"82":0,"86":1,"87":0,"88":0,"89":0,"91":0,"92":0,"97":0,"98":0,"99":0,"100":0,"101":0,"103":0,"104":0,"106":0,"107":0,"110":0,"112":0,"114":0,"115":0,"118":0,"119":0,"120":0,"122":0,"126":0,"128":0,"129":0,"132":0,"133":0,"136":0,"137":0,"139":0,"140":0,"141":0,"142":0,"145":0,"151":0,"152":0,"153":0,"154":0,"155":0,"156":0,"157":0,"158":0,"159":0,"163":0,"164":0,"165":0,"166":0,"169":0,"170":0,"180":0,"181":0,"182":0,"183":0,"184":0,"186":0,"193":0,"194":0,"195":0,"197":0,"198":0,"199":0,"205":0,"207":0,"208":0,"209":0,"212":0,"214":0,"216":0,"222":0,"225":0,"226":0,"229":0,"237":0,"238":0,"240":0,"241":0,"242":0,"243":0,"244":0,"249":0,"250":0,"251":0,"254":0,"258":0,"259":0,"260":0,"264":0,"266":0,"267":0,"269":0,"270":0,"272":0,"273":0,"274":0,"276":0,"277":0,"278":0,"279":0,"284":0,"288":0,"289":0,"290":0,"291":0,"293":0,"294":0,"297":0,"298":0,"299":0,"300":0,"301":0,"303":0,"307":0,"308":0,"309":0,"310":0,"311":0,"314":0,"315":0,"318":0,"320":0,"321":0,"322":0,"327":0,"330":0,"331":0,"332":0,"333":0,"336":0,"337":0,"338":0,"339":0,"340":0,"343":0,"349":1,"350":0,"352":0,"353":0,"354":0,"355":0,"356":0,"358":0,"359":0,"360":0,"361":0,"363":0,"364":0,"366":1,"367":0,"368":0,"374":0,"375":0,"376":0,"377":0,"378":0,"379":0,"383":0,"384":0,"385":0,"391":0,"392":0,"393":0,"394":0,"395":0,"396":0,"397":0,"398":0,"399":0,"405":0,"406":0,"408":0,"409":0,"411":0,"412":0,"414":0,"415":0,"416":0,"417":0,"419":0,"421":0,"422":0,"425":0,"426":0,"427":0,"429":0,"432":0,"433":0,"436":0,"437":0,"438":0,"439":0,"441":0,"448":0,"449":0,"450":0,"452":0,"457":1,"458":0,"459":0,"460":0,"461":0,"462":0,"463":0,"464":0,"466":0,"467":0,"469":0,"472":0,"473":0,"474":0,"475":0,"476":0,"477":0,"478":0,"479":0,"480":0,"486":0,"493":0,"495":0,"496":0,"497":0,"498":0,"501":0,"503":0,"504":0,"508":1,"509":0,"511":1,"512":0,"513":0,"514":0,"515":0,"517":0,"518":0,"519":0,"520":0,"523":0,"526":0,"528":0,"531":0,"532":0,"534":0,"538":0,"539":0,"541":0,"545":0,"548":0,"549":0,"550":0,"553":0,"554":0,"555":0,"556":0,"559":0,"560":0,"562":0,"563":0,"565":0,"566":0,"567":0,"568":0,"570":0,"571":0,"574":0,"576":0,"578":0,"582":0,"583":0,"585":0,"586":0,"588":0,"589":0,"591":0,"592":0,"593":0,"596":0,"597":0,"599":0,"600":0,"602":0,"603":0,"606":0,"607":0,"608":0,"611":0,"612":0,"615":0,"616":0,"618":0,"619":0,"624":0,"626":0,"627":0,"628":0,"629":0,"633":0,"634":0,"637":0,"638":0,"641":1,"644":1,"645":0,"646":0,"647":0,"649":1,"650":0,"651":0,"656":1,"657":0,"658":0}}}